{"C:\\Users\\HP\\Desktop\\Resume Projects\\BitBuds-main\\BitBuds\\backend\\server.js": {"path":"C:\\Users\\HP\\Desktop\\Resume Projects\\BitBuds-main\\BitBuds\\backend\\server.js","statementMap":{"0":{"start":{"line":20,"column":0},"end":{"line":20,"column":16}},"1":{"start":{"line":22,"column":12},"end":{"line":22,"column":21}},"2":{"start":{"line":23,"column":15},"end":{"line":23,"column":37}},"3":{"start":{"line":24,"column":20},"end":{"line":24,"column":51}},"4":{"start":{"line":25,"column":13},"end":{"line":25,"column":37}},"5":{"start":{"line":27,"column":23},"end":{"line":27,"column":112}},"6":{"start":{"line":29,"column":0},"end":{"line":29,"column":26}},"7":{"start":{"line":31,"column":0},"end":{"line":42,"column":2}},"8":{"start":{"line":34,"column":6},"end":{"line":38,"column":7}},"9":{"start":{"line":35,"column":8},"end":{"line":35,"column":29}},"10":{"start":{"line":37,"column":8},"end":{"line":37,"column":51}},"11":{"start":{"line":44,"column":0},"end":{"line":44,"column":18}},"12":{"start":{"line":45,"column":0},"end":{"line":45,"column":40}},"13":{"start":{"line":46,"column":0},"end":{"line":46,"column":48}},"14":{"start":{"line":47,"column":0},"end":{"line":47,"column":24}},"15":{"start":{"line":49,"column":0},"end":{"line":52,"column":3}},"16":{"start":{"line":50,"column":2},"end":{"line":50,"column":66}},"17":{"start":{"line":51,"column":2},"end":{"line":51,"column":9}},"18":{"start":{"line":54,"column":11},"end":{"line":59,"column":2}},"19":{"start":{"line":61,"column":0},"end":{"line":61,"column":18}},"20":{"start":{"line":62,"column":0},"end":{"line":62,"column":15}},"21":{"start":{"line":64,"column":0},"end":{"line":71,"column":3}},"22":{"start":{"line":65,"column":2},"end":{"line":70,"column":5}},"23":{"start":{"line":73,"column":0},"end":{"line":73,"column":48}},"24":{"start":{"line":74,"column":0},"end":{"line":74,"column":49}},"25":{"start":{"line":75,"column":0},"end":{"line":75,"column":55}},"26":{"start":{"line":76,"column":0},"end":{"line":76,"column":50}},"27":{"start":{"line":77,"column":0},"end":{"line":77,"column":51}},"28":{"start":{"line":79,"column":0},"end":{"line":81,"column":3}},"29":{"start":{"line":80,"column":2},"end":{"line":80,"column":76}},"30":{"start":{"line":83,"column":0},"end":{"line":83,"column":25}},"31":{"start":{"line":84,"column":0},"end":{"line":84,"column":22}},"32":{"start":{"line":86,"column":20},"end":{"line":113,"column":1}},"33":{"start":{"line":87,"column":2},"end":{"line":112,"column":3}},"34":{"start":{"line":88,"column":4},"end":{"line":88,"column":22}},"35":{"start":{"line":89,"column":4},"end":{"line":89,"column":25}},"36":{"start":{"line":91,"column":4},"end":{"line":96,"column":7}},"37":{"start":{"line":92,"column":6},"end":{"line":95,"column":9}},"38":{"start":{"line":98,"column":21},"end":{"line":105,"column":5}},"39":{"start":{"line":99,"column":6},"end":{"line":99,"column":56}},"40":{"start":{"line":100,"column":6},"end":{"line":103,"column":9}},"41":{"start":{"line":101,"column":8},"end":{"line":101,"column":42}},"42":{"start":{"line":102,"column":8},"end":{"line":102,"column":24}},"43":{"start":{"line":104,"column":6},"end":{"line":104,"column":47}},"44":{"start":{"line":104,"column":23},"end":{"line":104,"column":38}},"45":{"start":{"line":107,"column":4},"end":{"line":107,"column":53}},"46":{"start":{"line":107,"column":32},"end":{"line":107,"column":51}},"47":{"start":{"line":108,"column":4},"end":{"line":108,"column":51}},"48":{"start":{"line":108,"column":31},"end":{"line":108,"column":49}},"49":{"start":{"line":110,"column":4},"end":{"line":110,"column":67}},"50":{"start":{"line":111,"column":4},"end":{"line":111,"column":20}},"51":{"start":{"line":115,"column":0},"end":{"line":117,"column":1}},"52":{"start":{"line":116,"column":2},"end":{"line":116,"column":16}}},"fnMap":{"0":{"name":"(anonymous_0)","decl":{"start":{"line":33,"column":4},"end":{"line":33,"column":5}},"loc":{"start":{"line":33,"column":29},"end":{"line":39,"column":5}},"line":33},"1":{"name":"(anonymous_1)","decl":{"start":{"line":49,"column":8},"end":{"line":49,"column":9}},"loc":{"start":{"line":49,"column":29},"end":{"line":52,"column":1}},"line":49},"2":{"name":"(anonymous_2)","decl":{"start":{"line":64,"column":19},"end":{"line":64,"column":20}},"loc":{"start":{"line":64,"column":34},"end":{"line":71,"column":1}},"line":64},"3":{"name":"(anonymous_3)","decl":{"start":{"line":79,"column":31},"end":{"line":79,"column":32}},"loc":{"start":{"line":79,"column":46},"end":{"line":81,"column":1}},"line":79},"4":{"name":"(anonymous_4)","decl":{"start":{"line":86,"column":20},"end":{"line":86,"column":21}},"loc":{"start":{"line":86,"column":32},"end":{"line":113,"column":1}},"line":86},"5":{"name":"(anonymous_5)","decl":{"start":{"line":91,"column":24},"end":{"line":91,"column":25}},"loc":{"start":{"line":91,"column":30},"end":{"line":96,"column":5}},"line":91},"6":{"name":"(anonymous_6)","decl":{"start":{"line":98,"column":21},"end":{"line":98,"column":22}},"loc":{"start":{"line":98,"column":39},"end":{"line":105,"column":5}},"line":98},"7":{"name":"(anonymous_7)","decl":{"start":{"line":100,"column":19},"end":{"line":100,"column":20}},"loc":{"start":{"line":100,"column":31},"end":{"line":103,"column":7}},"line":100},"8":{"name":"(anonymous_8)","decl":{"start":{"line":104,"column":17},"end":{"line":104,"column":18}},"loc":{"start":{"line":104,"column":23},"end":{"line":104,"column":38}},"line":104},"9":{"name":"(anonymous_9)","decl":{"start":{"line":107,"column":26},"end":{"line":107,"column":27}},"loc":{"start":{"line":107,"column":32},"end":{"line":107,"column":51}},"line":107},"10":{"name":"(anonymous_10)","decl":{"start":{"line":108,"column":25},"end":{"line":108,"column":26}},"loc":{"start":{"line":108,"column":31},"end":{"line":108,"column":49}},"line":108}},"branchMap":{"0":{"loc":{"start":{"line":24,"column":20},"end":{"line":24,"column":51}},"type":"binary-expr","locations":[{"start":{"line":24,"column":20},"end":{"line":24,"column":43}},{"start":{"line":24,"column":47},"end":{"line":24,"column":51}}],"line":24},"1":{"loc":{"start":{"line":25,"column":13},"end":{"line":25,"column":37}},"type":"binary-expr","locations":[{"start":{"line":25,"column":13},"end":{"line":25,"column":29}},{"start":{"line":25,"column":33},"end":{"line":25,"column":37}}],"line":25},"2":{"loc":{"start":{"line":27,"column":24},"end":{"line":27,"column":100}},"type":"binary-expr","locations":[{"start":{"line":27,"column":24},"end":{"line":27,"column":51}},{"start":{"line":27,"column":55},"end":{"line":27,"column":100}}],"line":27},"3":{"loc":{"start":{"line":34,"column":6},"end":{"line":38,"column":7}},"type":"if","locations":[{"start":{"line":34,"column":6},"end":{"line":38,"column":7}},{"start":{"line":36,"column":13},"end":{"line":38,"column":7}}],"line":34},"4":{"loc":{"start":{"line":34,"column":10},"end":{"line":34,"column":59}},"type":"binary-expr","locations":[{"start":{"line":34,"column":10},"end":{"line":34,"column":17}},{"start":{"line":34,"column":21},"end":{"line":34,"column":59}}],"line":34},"5":{"loc":{"start":{"line":69,"column":17},"end":{"line":69,"column":54}},"type":"binary-expr","locations":[{"start":{"line":69,"column":17},"end":{"line":69,"column":37}},{"start":{"line":69,"column":41},"end":{"line":69,"column":54}}],"line":69},"6":{"loc":{"start":{"line":115,"column":0},"end":{"line":117,"column":1}},"type":"if","locations":[{"start":{"line":115,"column":0},"end":{"line":117,"column":1}},{"start":{},"end":{}}],"line":115}},"s":{"0":1,"1":1,"2":1,"3":1,"4":1,"5":1,"6":1,"7":1,"8":0,"9":0,"10":0,"11":1,"12":1,"13":1,"14":1,"15":1,"16":0,"17":0,"18":1,"19":1,"20":1,"21":1,"22":0,"23":1,"24":1,"25":1,"26":1,"27":1,"28":1,"29":0,"30":1,"31":1,"32":1,"33":0,"34":0,"35":0,"36":0,"37":0,"38":0,"39":0,"40":0,"41":0,"42":0,"43":0,"44":0,"45":0,"46":0,"47":0,"48":0,"49":0,"50":0,"51":1,"52":0},"f":{"0":0,"1":0,"2":0,"3":0,"4":0,"5":0,"6":0,"7":0,"8":0,"9":0,"10":0},"b":{"0":[1,0],"1":[1,0],"2":[1,0],"3":[0,0],"4":[0,0],"5":[0,0],"6":[0,1]},"inputSourceMap":null,"_coverageSchema":"1a1c01bbd47fc00a2c39e90264f33305004495a9","hash":"abbf1adb2ddc97e6eebbb03ddb4ee91adeb3734d"}
,"C:\\Users\\HP\\Desktop\\Resume Projects\\BitBuds-main\\BitBuds\\backend\\src\\config\\database.js": {"path":"C:\\Users\\HP\\Desktop\\Resume Projects\\BitBuds-main\\BitBuds\\backend\\src\\config\\database.js","statementMap":{"0":{"start":{"line":4,"column":18},"end":{"line":11,"column":1}},"1":{"start":{"line":5,"column":14},"end":{"line":5,"column":76}},"2":{"start":{"line":7,"column":2},"end":{"line":7,"column":36}},"3":{"start":{"line":9,"column":2},"end":{"line":9,"column":30}},"4":{"start":{"line":10,"column":2},"end":{"line":10,"column":101}}},"fnMap":{"0":{"name":"(anonymous_0)","decl":{"start":{"line":4,"column":18},"end":{"line":4,"column":19}},"loc":{"start":{"line":4,"column":30},"end":{"line":11,"column":1}},"line":4}},"branchMap":{"0":{"loc":{"start":{"line":5,"column":14},"end":{"line":5,"column":76}},"type":"binary-expr","locations":[{"start":{"line":5,"column":14},"end":{"line":5,"column":37}},{"start":{"line":5,"column":41},"end":{"line":5,"column":76}}],"line":5}},"s":{"0":1,"1":0,"2":0,"3":0,"4":0},"f":{"0":0},"b":{"0":[0,0]},"inputSourceMap":null,"_coverageSchema":"1a1c01bbd47fc00a2c39e90264f33305004495a9","hash":"43cbaa63c71eea525be1744fd6d364d85104c67c"}
,"C:\\Users\\HP\\Desktop\\Resume Projects\\BitBuds-main\\BitBuds\\backend\\src\\config\\redis.js": {"path":"C:\\Users\\HP\\Desktop\\Resume Projects\\BitBuds-main\\BitBuds\\backend\\src\\config\\redis.js","statementMap":{"0":{"start":{"line":4,"column":13},"end":{"line":4,"column":17}},"1":{"start":{"line":5,"column":18},"end":{"line":5,"column":23}},"2":{"start":{"line":7,"column":30},"end":{"line":7,"column":42}},"3":{"start":{"line":7,"column":36},"end":{"line":7,"column":42}},"4":{"start":{"line":9,"column":32},"end":{"line":9,"column":49}},"5":{"start":{"line":9,"column":38},"end":{"line":9,"column":49}},"6":{"start":{"line":11,"column":28},"end":{"line":51,"column":1}},"7":{"start":{"line":12,"column":14},"end":{"line":12,"column":63}},"8":{"start":{"line":14,"column":2},"end":{"line":20,"column":5}},"9":{"start":{"line":22,"column":2},"end":{"line":25,"column":5}},"10":{"start":{"line":23,"column":4},"end":{"line":23,"column":24}},"11":{"start":{"line":24,"column":4},"end":{"line":24,"column":101}},"12":{"start":{"line":27,"column":2},"end":{"line":30,"column":5}},"13":{"start":{"line":28,"column":4},"end":{"line":28,"column":23}},"14":{"start":{"line":29,"column":4},"end":{"line":29,"column":35}},"15":{"start":{"line":32,"column":2},"end":{"line":34,"column":5}},"16":{"start":{"line":33,"column":4},"end":{"line":33,"column":24}},"17":{"start":{"line":36,"column":2},"end":{"line":48,"column":3}},"18":{"start":{"line":37,"column":4},"end":{"line":40,"column":7}},"19":{"start":{"line":39,"column":33},"end":{"line":39,"column":104}},"20":{"start":{"line":39,"column":50},"end":{"line":39,"column":97}},"21":{"start":{"line":41,"column":4},"end":{"line":41,"column":32}},"22":{"start":{"line":43,"column":4},"end":{"line":43,"column":24}},"23":{"start":{"line":44,"column":4},"end":{"line":44,"column":101}},"24":{"start":{"line":45,"column":4},"end":{"line":47,"column":5}},"25":{"start":{"line":46,"column":6},"end":{"line":46,"column":48}},"26":{"start":{"line":50,"column":2},"end":{"line":50,"column":16}},"27":{"start":{"line":54,"column":38},"end":{"line":64,"column":1}},"28":{"start":{"line":55,"column":2},"end":{"line":55,"column":52}},"29":{"start":{"line":55,"column":39},"end":{"line":55,"column":52}},"30":{"start":{"line":57,"column":2},"end":{"line":63,"column":3}},"31":{"start":{"line":58,"column":4},"end":{"line":58,"column":82}},"32":{"start":{"line":59,"column":4},"end":{"line":59,"column":16}},"33":{"start":{"line":61,"column":4},"end":{"line":61,"column":61}},"34":{"start":{"line":62,"column":4},"end":{"line":62,"column":17}},"35":{"start":{"line":67,"column":39},"end":{"line":79,"column":1}},"36":{"start":{"line":68,"column":2},"end":{"line":68,"column":51}},"37":{"start":{"line":68,"column":39},"end":{"line":68,"column":51}},"38":{"start":{"line":70,"column":2},"end":{"line":78,"column":3}},"39":{"start":{"line":71,"column":20},"end":{"line":73,"column":6}},"40":{"start":{"line":74,"column":4},"end":{"line":74,"column":77}},"41":{"start":{"line":74,"column":46},"end":{"line":74,"column":74}},"42":{"start":{"line":76,"column":4},"end":{"line":76,"column":73}},"43":{"start":{"line":77,"column":4},"end":{"line":77,"column":16}},"44":{"start":{"line":82,"column":36},"end":{"line":92,"column":1}},"45":{"start":{"line":83,"column":2},"end":{"line":83,"column":51}},"46":{"start":{"line":83,"column":39},"end":{"line":83,"column":51}},"47":{"start":{"line":85,"column":2},"end":{"line":91,"column":3}},"48":{"start":{"line":86,"column":17},"end":{"line":86,"column":76}},"49":{"start":{"line":87,"column":4},"end":{"line":87,"column":43}},"50":{"start":{"line":89,"column":4},"end":{"line":89,"column":68}},"51":{"start":{"line":90,"column":4},"end":{"line":90,"column":16}}},"fnMap":{"0":{"name":"(anonymous_0)","decl":{"start":{"line":7,"column":30},"end":{"line":7,"column":31}},"loc":{"start":{"line":7,"column":36},"end":{"line":7,"column":42}},"line":7},"1":{"name":"(anonymous_1)","decl":{"start":{"line":9,"column":32},"end":{"line":9,"column":33}},"loc":{"start":{"line":9,"column":38},"end":{"line":9,"column":49}},"line":9},"2":{"name":"(anonymous_2)","decl":{"start":{"line":11,"column":28},"end":{"line":11,"column":29}},"loc":{"start":{"line":11,"column":40},"end":{"line":51,"column":1}},"line":11},"3":{"name":"(anonymous_3)","decl":{"start":{"line":22,"column":21},"end":{"line":22,"column":22}},"loc":{"start":{"line":22,"column":30},"end":{"line":25,"column":3}},"line":22},"4":{"name":"(anonymous_4)","decl":{"start":{"line":27,"column":23},"end":{"line":27,"column":24}},"loc":{"start":{"line":27,"column":29},"end":{"line":30,"column":3}},"line":27},"5":{"name":"(anonymous_5)","decl":{"start":{"line":32,"column":19},"end":{"line":32,"column":20}},"loc":{"start":{"line":32,"column":25},"end":{"line":34,"column":3}},"line":32},"6":{"name":"(anonymous_6)","decl":{"start":{"line":39,"column":18},"end":{"line":39,"column":19}},"loc":{"start":{"line":39,"column":33},"end":{"line":39,"column":104}},"line":39},"7":{"name":"(anonymous_7)","decl":{"start":{"line":39,"column":44},"end":{"line":39,"column":45}},"loc":{"start":{"line":39,"column":50},"end":{"line":39,"column":97}},"line":39},"8":{"name":"(anonymous_8)","decl":{"start":{"line":46,"column":38},"end":{"line":46,"column":39}},"loc":{"start":{"line":46,"column":44},"end":{"line":46,"column":46}},"line":46},"9":{"name":"(anonymous_9)","decl":{"start":{"line":54,"column":38},"end":{"line":54,"column":39}},"loc":{"start":{"line":54,"column":60},"end":{"line":64,"column":1}},"line":54},"10":{"name":"(anonymous_10)","decl":{"start":{"line":67,"column":39},"end":{"line":67,"column":40}},"loc":{"start":{"line":67,"column":73},"end":{"line":79,"column":1}},"line":67},"11":{"name":"(anonymous_11)","decl":{"start":{"line":74,"column":23},"end":{"line":74,"column":24}},"loc":{"start":{"line":74,"column":46},"end":{"line":74,"column":74}},"line":74},"12":{"name":"(anonymous_12)","decl":{"start":{"line":82,"column":36},"end":{"line":82,"column":37}},"loc":{"start":{"line":82,"column":54},"end":{"line":92,"column":1}},"line":82}},"branchMap":{"0":{"loc":{"start":{"line":12,"column":14},"end":{"line":12,"column":63}},"type":"binary-expr","locations":[{"start":{"line":12,"column":14},"end":{"line":12,"column":35}},{"start":{"line":12,"column":39},"end":{"line":12,"column":63}}],"line":12},"1":{"loc":{"start":{"line":45,"column":4},"end":{"line":47,"column":5}},"type":"if","locations":[{"start":{"line":45,"column":4},"end":{"line":47,"column":5}},{"start":{},"end":{}}],"line":45},"2":{"loc":{"start":{"line":55,"column":2},"end":{"line":55,"column":52}},"type":"if","locations":[{"start":{"line":55,"column":2},"end":{"line":55,"column":52}},{"start":{},"end":{}}],"line":55},"3":{"loc":{"start":{"line":55,"column":6},"end":{"line":55,"column":37}},"type":"binary-expr","locations":[{"start":{"line":55,"column":6},"end":{"line":55,"column":18}},{"start":{"line":55,"column":22},"end":{"line":55,"column":37}}],"line":55},"4":{"loc":{"start":{"line":67,"column":46},"end":{"line":67,"column":56}},"type":"default-arg","locations":[{"start":{"line":67,"column":54},"end":{"line":67,"column":56}}],"line":67},"5":{"loc":{"start":{"line":67,"column":58},"end":{"line":67,"column":68}},"type":"default-arg","locations":[{"start":{"line":67,"column":67},"end":{"line":67,"column":68}}],"line":67},"6":{"loc":{"start":{"line":68,"column":2},"end":{"line":68,"column":51}},"type":"if","locations":[{"start":{"line":68,"column":2},"end":{"line":68,"column":51}},{"start":{},"end":{}}],"line":68},"7":{"loc":{"start":{"line":68,"column":6},"end":{"line":68,"column":37}},"type":"binary-expr","locations":[{"start":{"line":68,"column":6},"end":{"line":68,"column":18}},{"start":{"line":68,"column":22},"end":{"line":68,"column":37}}],"line":68},"8":{"loc":{"start":{"line":83,"column":2},"end":{"line":83,"column":51}},"type":"if","locations":[{"start":{"line":83,"column":2},"end":{"line":83,"column":51}},{"start":{},"end":{}}],"line":83},"9":{"loc":{"start":{"line":83,"column":6},"end":{"line":83,"column":37}},"type":"binary-expr","locations":[{"start":{"line":83,"column":6},"end":{"line":83,"column":18}},{"start":{"line":83,"column":22},"end":{"line":83,"column":37}}],"line":83},"10":{"loc":{"start":{"line":87,"column":11},"end":{"line":87,"column":42}},"type":"cond-expr","locations":[{"start":{"line":87,"column":27},"end":{"line":87,"column":31}},{"start":{"line":87,"column":34},"end":{"line":87,"column":42}}],"line":87}},"s":{"0":1,"1":1,"2":1,"3":0,"4":1,"5":0,"6":1,"7":0,"8":0,"9":0,"10":0,"11":0,"12":0,"13":0,"14":0,"15":0,"16":0,"17":0,"18":0,"19":0,"20":0,"21":0,"22":0,"23":0,"24":0,"25":0,"26":0,"27":1,"28":0,"29":0,"30":0,"31":0,"32":0,"33":0,"34":0,"35":1,"36":0,"37":0,"38":0,"39":0,"40":0,"41":0,"42":0,"43":0,"44":1,"45":0,"46":0,"47":0,"48":0,"49":0,"50":0,"51":0},"f":{"0":0,"1":0,"2":0,"3":0,"4":0,"5":0,"6":0,"7":0,"8":0,"9":0,"10":0,"11":0,"12":0},"b":{"0":[0,0],"1":[0,0],"2":[0,0],"3":[0,0],"4":[0],"5":[0],"6":[0,0],"7":[0,0],"8":[0,0],"9":[0,0],"10":[0,0]},"inputSourceMap":null,"_coverageSchema":"1a1c01bbd47fc00a2c39e90264f33305004495a9","hash":"a6541b34d6a1ed1d29e758983be50b658094fc21"}
,"C:\\Users\\HP\\Desktop\\Resume Projects\\BitBuds-main\\BitBuds\\backend\\src\\controllers\\auth.controller.js": {"path":"C:\\Users\\HP\\Desktop\\Resume Projects\\BitBuds-main\\BitBuds\\backend\\src\\controllers\\auth.controller.js","statementMap":{"0":{"start":{"line":9,"column":23},"end":{"line":9,"column":62}},"1":{"start":{"line":10,"column":24},"end":{"line":10,"column":63}},"2":{"start":{"line":12,"column":24},"end":{"line":15,"column":4}},"3":{"start":{"line":13,"column":2},"end":{"line":15,"column":4}},"4":{"start":{"line":17,"column":25},"end":{"line":18,"column":104}},"5":{"start":{"line":18,"column":2},"end":{"line":18,"column":104}},"6":{"start":{"line":20,"column":24},"end":{"line":27,"column":1}},"7":{"start":{"line":21,"column":16},"end":{"line":21,"column":48}},"8":{"start":{"line":22,"column":2},"end":{"line":22,"column":45}},"9":{"start":{"line":22,"column":14},"end":{"line":22,"column":45}},"10":{"start":{"line":23,"column":16},"end":{"line":23,"column":38}},"11":{"start":{"line":24,"column":15},"end":{"line":24,"column":23}},"12":{"start":{"line":25,"column":22},"end":{"line":25,"column":68}},"13":{"start":{"line":26,"column":2},"end":{"line":26,"column":49}},"14":{"start":{"line":29,"column":20},"end":{"line":45,"column":1}},"15":{"start":{"line":30,"column":22},"end":{"line":30,"column":43}},"16":{"start":{"line":31,"column":23},"end":{"line":31,"column":45}},"17":{"start":{"line":33,"column":20},"end":{"line":33,"column":75}},"18":{"start":{"line":34,"column":2},"end":{"line":42,"column":5}},"19":{"start":{"line":44,"column":2},"end":{"line":44,"column":39}},"20":{"start":{"line":47,"column":21},"end":{"line":52,"column":1}},"21":{"start":{"line":48,"column":14},"end":{"line":48,"column":52}},"22":{"start":{"line":49,"column":2},"end":{"line":49,"column":22}},"23":{"start":{"line":50,"column":2},"end":{"line":50,"column":27}},"24":{"start":{"line":51,"column":2},"end":{"line":51,"column":13}},"25":{"start":{"line":54,"column":25},"end":{"line":58,"column":1}},"26":{"start":{"line":55,"column":16},"end":{"line":55,"column":47}},"27":{"start":{"line":56,"column":2},"end":{"line":56,"column":78}},"28":{"start":{"line":56,"column":26},"end":{"line":56,"column":78}},"29":{"start":{"line":57,"column":2},"end":{"line":57,"column":69}},"30":{"start":{"line":60,"column":20},"end":{"line":66,"column":1}},"31":{"start":{"line":61,"column":14},"end":{"line":61,"column":45}},"32":{"start":{"line":62,"column":2},"end":{"line":64,"column":3}},"33":{"start":{"line":63,"column":4},"end":{"line":63,"column":43}},"34":{"start":{"line":65,"column":2},"end":{"line":65,"column":15}},"35":{"start":{"line":68,"column":24},"end":{"line":112,"column":2}},"36":{"start":{"line":69,"column":68},"end":{"line":69,"column":76}},"37":{"start":{"line":71,"column":2},"end":{"line":73,"column":3}},"38":{"start":{"line":72,"column":4},"end":{"line":72,"column":62}},"39":{"start":{"line":75,"column":2},"end":{"line":77,"column":3}},"40":{"start":{"line":76,"column":4},"end":{"line":76,"column":85}},"41":{"start":{"line":79,"column":2},"end":{"line":81,"column":3}},"42":{"start":{"line":80,"column":4},"end":{"line":80,"column":70}},"43":{"start":{"line":83,"column":19},"end":{"line":83,"column":69}},"44":{"start":{"line":84,"column":2},"end":{"line":86,"column":3}},"45":{"start":{"line":85,"column":4},"end":{"line":85,"column":56}},"46":{"start":{"line":88,"column":23},"end":{"line":88,"column":50}},"47":{"start":{"line":89,"column":19},"end":{"line":89,"column":62}},"48":{"start":{"line":91,"column":15},"end":{"line":97,"column":4}},"49":{"start":{"line":99,"column":2},"end":{"line":99,"column":30}},"50":{"start":{"line":100,"column":2},"end":{"line":100,"column":50}},"51":{"start":{"line":102,"column":17},"end":{"line":102,"column":40}},"52":{"start":{"line":104,"column":2},"end":{"line":109,"column":5}},"53":{"start":{"line":111,"column":2},"end":{"line":111,"column":89}},"54":{"start":{"line":114,"column":21},"end":{"line":140,"column":2}},"55":{"start":{"line":115,"column":30},"end":{"line":115,"column":38}},"56":{"start":{"line":117,"column":2},"end":{"line":119,"column":3}},"57":{"start":{"line":118,"column":4},"end":{"line":118,"column":63}},"58":{"start":{"line":121,"column":15},"end":{"line":121,"column":85}},"59":{"start":{"line":122,"column":2},"end":{"line":124,"column":3}},"60":{"start":{"line":123,"column":4},"end":{"line":123,"column":57}},"61":{"start":{"line":126,"column":2},"end":{"line":128,"column":3}},"62":{"start":{"line":127,"column":4},"end":{"line":127,"column":54}},"63":{"start":{"line":130,"column":17},"end":{"line":130,"column":40}},"64":{"start":{"line":132,"column":2},"end":{"line":137,"column":5}},"65":{"start":{"line":139,"column":2},"end":{"line":139,"column":82}},"66":{"start":{"line":142,"column":28},"end":{"line":168,"column":2}},"67":{"start":{"line":143,"column":16},"end":{"line":143,"column":66}},"68":{"start":{"line":145,"column":2},"end":{"line":147,"column":3}},"69":{"start":{"line":146,"column":4},"end":{"line":146,"column":54}},"70":{"start":{"line":150,"column":2},"end":{"line":154,"column":3}},"71":{"start":{"line":151,"column":4},"end":{"line":151,"column":64}},"72":{"start":{"line":153,"column":4},"end":{"line":153,"column":53}},"73":{"start":{"line":156,"column":15},"end":{"line":156,"column":72}},"74":{"start":{"line":157,"column":2},"end":{"line":159,"column":3}},"75":{"start":{"line":158,"column":4},"end":{"line":158,"column":46}},"76":{"start":{"line":161,"column":17},"end":{"line":161,"column":69}},"77":{"start":{"line":161,"column":50},"end":{"line":161,"column":68}},"78":{"start":{"line":162,"column":2},"end":{"line":164,"column":3}},"79":{"start":{"line":163,"column":4},"end":{"line":163,"column":64}},"80":{"start":{"line":166,"column":22},"end":{"line":166,"column":43}},"81":{"start":{"line":167,"column":2},"end":{"line":167,"column":93}},"82":{"start":{"line":170,"column":22},"end":{"line":179,"column":2}},"83":{"start":{"line":171,"column":16},"end":{"line":171,"column":66}},"84":{"start":{"line":173,"column":2},"end":{"line":175,"column":3}},"85":{"start":{"line":174,"column":4},"end":{"line":174,"column":87}},"86":{"start":{"line":177,"column":2},"end":{"line":177,"column":34}},"87":{"start":{"line":178,"column":2},"end":{"line":178,"column":57}},"88":{"start":{"line":181,"column":25},"end":{"line":185,"column":2}},"89":{"start":{"line":182,"column":2},"end":{"line":182,"column":67}},"90":{"start":{"line":183,"column":2},"end":{"line":183,"column":34}},"91":{"start":{"line":184,"column":2},"end":{"line":184,"column":61}},"92":{"start":{"line":187,"column":30},"end":{"line":193,"column":2}},"93":{"start":{"line":188,"column":15},"end":{"line":188,"column":66}},"94":{"start":{"line":189,"column":2},"end":{"line":191,"column":3}},"95":{"start":{"line":190,"column":4},"end":{"line":190,"column":46}},"96":{"start":{"line":192,"column":2},"end":{"line":192,"column":85}},"97":{"start":{"line":195,"column":27},"end":{"line":205,"column":2}},"98":{"start":{"line":196,"column":2},"end":{"line":198,"column":3}},"99":{"start":{"line":197,"column":4},"end":{"line":197,"column":66}},"100":{"start":{"line":200,"column":15},"end":{"line":200,"column":72}},"101":{"start":{"line":201,"column":2},"end":{"line":203,"column":3}},"102":{"start":{"line":202,"column":4},"end":{"line":202,"column":46}},"103":{"start":{"line":204,"column":2},"end":{"line":204,"column":85}},"104":{"start":{"line":207,"column":26},"end":{"line":226,"column":2}},"105":{"start":{"line":208,"column":21},"end":{"line":208,"column":31}},"106":{"start":{"line":210,"column":2},"end":{"line":212,"column":3}},"107":{"start":{"line":211,"column":4},"end":{"line":211,"column":68}},"108":{"start":{"line":214,"column":18},"end":{"line":214,"column":76}},"109":{"start":{"line":215,"column":18},"end":{"line":215,"column":20}},"110":{"start":{"line":216,"column":2},"end":{"line":218,"column":3}},"111":{"start":{"line":217,"column":4},"end":{"line":217,"column":66}},"112":{"start":{"line":217,"column":37},"end":{"line":217,"column":66}},"113":{"start":{"line":220,"column":15},"end":{"line":220,"column":115}},"114":{"start":{"line":221,"column":2},"end":{"line":223,"column":3}},"115":{"start":{"line":222,"column":4},"end":{"line":222,"column":46}},"116":{"start":{"line":225,"column":2},"end":{"line":225,"column":86}},"117":{"start":{"line":228,"column":27},"end":{"line":235,"column":2}},"118":{"start":{"line":229,"column":2},"end":{"line":231,"column":3}},"119":{"start":{"line":230,"column":4},"end":{"line":230,"column":53}},"120":{"start":{"line":233,"column":16},"end":{"line":233,"column":68}},"121":{"start":{"line":234,"column":2},"end":{"line":234,"column":100}}},"fnMap":{"0":{"name":"(anonymous_0)","decl":{"start":{"line":12,"column":24},"end":{"line":12,"column":25}},"loc":{"start":{"line":13,"column":2},"end":{"line":15,"column":4}},"line":13},"1":{"name":"(anonymous_1)","decl":{"start":{"line":17,"column":25},"end":{"line":17,"column":26}},"loc":{"start":{"line":18,"column":2},"end":{"line":18,"column":104}},"line":18},"2":{"name":"(anonymous_2)","decl":{"start":{"line":20,"column":24},"end":{"line":20,"column":25}},"loc":{"start":{"line":20,"column":38},"end":{"line":27,"column":1}},"line":20},"3":{"name":"(anonymous_3)","decl":{"start":{"line":29,"column":20},"end":{"line":29,"column":21}},"loc":{"start":{"line":29,"column":36},"end":{"line":45,"column":1}},"line":29},"4":{"name":"(anonymous_4)","decl":{"start":{"line":47,"column":21},"end":{"line":47,"column":22}},"loc":{"start":{"line":47,"column":31},"end":{"line":52,"column":1}},"line":47},"5":{"name":"(anonymous_5)","decl":{"start":{"line":54,"column":25},"end":{"line":54,"column":26}},"loc":{"start":{"line":54,"column":42},"end":{"line":58,"column":1}},"line":54},"6":{"name":"(anonymous_6)","decl":{"start":{"line":60,"column":20},"end":{"line":60,"column":21}},"loc":{"start":{"line":60,"column":38},"end":{"line":66,"column":1}},"line":60},"7":{"name":"(anonymous_7)","decl":{"start":{"line":68,"column":37},"end":{"line":68,"column":38}},"loc":{"start":{"line":68,"column":57},"end":{"line":112,"column":1}},"line":68},"8":{"name":"(anonymous_8)","decl":{"start":{"line":114,"column":34},"end":{"line":114,"column":35}},"loc":{"start":{"line":114,"column":54},"end":{"line":140,"column":1}},"line":114},"9":{"name":"(anonymous_9)","decl":{"start":{"line":142,"column":41},"end":{"line":142,"column":42}},"loc":{"start":{"line":142,"column":61},"end":{"line":168,"column":1}},"line":142},"10":{"name":"(anonymous_10)","decl":{"start":{"line":161,"column":42},"end":{"line":161,"column":43}},"loc":{"start":{"line":161,"column":50},"end":{"line":161,"column":68}},"line":161},"11":{"name":"(anonymous_11)","decl":{"start":{"line":170,"column":35},"end":{"line":170,"column":36}},"loc":{"start":{"line":170,"column":55},"end":{"line":179,"column":1}},"line":170},"12":{"name":"(anonymous_12)","decl":{"start":{"line":181,"column":38},"end":{"line":181,"column":39}},"loc":{"start":{"line":181,"column":58},"end":{"line":185,"column":1}},"line":181},"13":{"name":"(anonymous_13)","decl":{"start":{"line":187,"column":43},"end":{"line":187,"column":44}},"loc":{"start":{"line":187,"column":63},"end":{"line":193,"column":1}},"line":187},"14":{"name":"(anonymous_14)","decl":{"start":{"line":195,"column":40},"end":{"line":195,"column":41}},"loc":{"start":{"line":195,"column":60},"end":{"line":205,"column":1}},"line":195},"15":{"name":"(anonymous_15)","decl":{"start":{"line":207,"column":39},"end":{"line":207,"column":40}},"loc":{"start":{"line":207,"column":59},"end":{"line":226,"column":1}},"line":207},"16":{"name":"(anonymous_16)","decl":{"start":{"line":228,"column":40},"end":{"line":228,"column":41}},"loc":{"start":{"line":228,"column":60},"end":{"line":235,"column":1}},"line":228}},"branchMap":{"0":{"loc":{"start":{"line":9,"column":23},"end":{"line":9,"column":62}},"type":"binary-expr","locations":[{"start":{"line":9,"column":23},"end":{"line":9,"column":53}},{"start":{"line":9,"column":57},"end":{"line":9,"column":62}}],"line":9},"1":{"loc":{"start":{"line":10,"column":24},"end":{"line":10,"column":63}},"type":"binary-expr","locations":[{"start":{"line":10,"column":24},"end":{"line":10,"column":55}},{"start":{"line":10,"column":59},"end":{"line":10,"column":63}}],"line":10},"2":{"loc":{"start":{"line":22,"column":2},"end":{"line":22,"column":45}},"type":"if","locations":[{"start":{"line":22,"column":2},"end":{"line":22,"column":45}},{"start":{},"end":{}}],"line":22},"3":{"loc":{"start":{"line":26,"column":18},"end":{"line":26,"column":47}},"type":"binary-expr","locations":[{"start":{"line":26,"column":18},"end":{"line":26,"column":35}},{"start":{"line":26,"column":39},"end":{"line":26,"column":47}}],"line":26},"4":{"loc":{"start":{"line":48,"column":14},"end":{"line":48,"column":52}},"type":"cond-expr","locations":[{"start":{"line":48,"column":30},"end":{"line":48,"column":45}},{"start":{"line":48,"column":48},"end":{"line":48,"column":52}}],"line":48},"5":{"loc":{"start":{"line":56,"column":2},"end":{"line":56,"column":78}},"type":"if","locations":[{"start":{"line":56,"column":2},"end":{"line":56,"column":78}},{"start":{},"end":{}}],"line":56},"6":{"loc":{"start":{"line":62,"column":2},"end":{"line":64,"column":3}},"type":"if","locations":[{"start":{"line":62,"column":2},"end":{"line":64,"column":3}},{"start":{},"end":{}}],"line":62},"7":{"loc":{"start":{"line":71,"column":2},"end":{"line":73,"column":3}},"type":"if","locations":[{"start":{"line":71,"column":2},"end":{"line":73,"column":3}},{"start":{},"end":{}}],"line":71},"8":{"loc":{"start":{"line":71,"column":6},"end":{"line":71,"column":46}},"type":"binary-expr","locations":[{"start":{"line":71,"column":6},"end":{"line":71,"column":17}},{"start":{"line":71,"column":22},"end":{"line":71,"column":32}},{"start":{"line":71,"column":36},"end":{"line":71,"column":45}}],"line":71},"9":{"loc":{"start":{"line":75,"column":2},"end":{"line":77,"column":3}},"type":"if","locations":[{"start":{"line":75,"column":2},"end":{"line":77,"column":3}},{"start":{},"end":{}}],"line":75},"10":{"loc":{"start":{"line":75,"column":6},"end":{"line":75,"column":52}},"type":"binary-expr","locations":[{"start":{"line":75,"column":6},"end":{"line":75,"column":16}},{"start":{"line":75,"column":20},"end":{"line":75,"column":29}},{"start":{"line":75,"column":33},"end":{"line":75,"column":39}},{"start":{"line":75,"column":43},"end":{"line":75,"column":52}}],"line":75},"11":{"loc":{"start":{"line":79,"column":2},"end":{"line":81,"column":3}},"type":"if","locations":[{"start":{"line":79,"column":2},"end":{"line":81,"column":3}},{"start":{},"end":{}}],"line":79},"12":{"loc":{"start":{"line":84,"column":2},"end":{"line":86,"column":3}},"type":"if","locations":[{"start":{"line":84,"column":2},"end":{"line":86,"column":3}},{"start":{},"end":{}}],"line":84},"13":{"loc":{"start":{"line":89,"column":19},"end":{"line":89,"column":62}},"type":"cond-expr","locations":[{"start":{"line":89,"column":49},"end":{"line":89,"column":53}},{"start":{"line":89,"column":56},"end":{"line":89,"column":62}}],"line":89},"14":{"loc":{"start":{"line":117,"column":2},"end":{"line":119,"column":3}},"type":"if","locations":[{"start":{"line":117,"column":2},"end":{"line":119,"column":3}},{"start":{},"end":{}}],"line":117},"15":{"loc":{"start":{"line":117,"column":6},"end":{"line":117,"column":25}},"type":"binary-expr","locations":[{"start":{"line":117,"column":6},"end":{"line":117,"column":12}},{"start":{"line":117,"column":16},"end":{"line":117,"column":25}}],"line":117},"16":{"loc":{"start":{"line":122,"column":2},"end":{"line":124,"column":3}},"type":"if","locations":[{"start":{"line":122,"column":2},"end":{"line":124,"column":3}},{"start":{},"end":{}}],"line":122},"17":{"loc":{"start":{"line":122,"column":6},"end":{"line":122,"column":54}},"type":"binary-expr","locations":[{"start":{"line":122,"column":6},"end":{"line":122,"column":11}},{"start":{"line":122,"column":15},"end":{"line":122,"column":54}}],"line":122},"18":{"loc":{"start":{"line":126,"column":2},"end":{"line":128,"column":3}},"type":"if","locations":[{"start":{"line":126,"column":2},"end":{"line":128,"column":3}},{"start":{},"end":{}}],"line":126},"19":{"loc":{"start":{"line":143,"column":16},"end":{"line":143,"column":66}},"type":"binary-expr","locations":[{"start":{"line":143,"column":16},"end":{"line":143,"column":37}},{"start":{"line":143,"column":41},"end":{"line":143,"column":66}}],"line":143},"20":{"loc":{"start":{"line":145,"column":2},"end":{"line":147,"column":3}},"type":"if","locations":[{"start":{"line":145,"column":2},"end":{"line":147,"column":3}},{"start":{},"end":{}}],"line":145},"21":{"loc":{"start":{"line":157,"column":2},"end":{"line":159,"column":3}},"type":"if","locations":[{"start":{"line":157,"column":2},"end":{"line":159,"column":3}},{"start":{},"end":{}}],"line":157},"22":{"loc":{"start":{"line":162,"column":2},"end":{"line":164,"column":3}},"type":"if","locations":[{"start":{"line":162,"column":2},"end":{"line":164,"column":3}},{"start":{},"end":{}}],"line":162},"23":{"loc":{"start":{"line":162,"column":6},"end":{"line":162,"column":46}},"type":"binary-expr","locations":[{"start":{"line":162,"column":6},"end":{"line":162,"column":13}},{"start":{"line":162,"column":17},"end":{"line":162,"column":46}}],"line":162},"24":{"loc":{"start":{"line":171,"column":16},"end":{"line":171,"column":66}},"type":"binary-expr","locations":[{"start":{"line":171,"column":16},"end":{"line":171,"column":37}},{"start":{"line":171,"column":41},"end":{"line":171,"column":66}}],"line":171},"25":{"loc":{"start":{"line":173,"column":2},"end":{"line":175,"column":3}},"type":"if","locations":[{"start":{"line":173,"column":2},"end":{"line":175,"column":3}},{"start":{},"end":{}}],"line":173},"26":{"loc":{"start":{"line":173,"column":6},"end":{"line":173,"column":27}},"type":"binary-expr","locations":[{"start":{"line":173,"column":6},"end":{"line":173,"column":11}},{"start":{"line":173,"column":15},"end":{"line":173,"column":27}}],"line":173},"27":{"loc":{"start":{"line":189,"column":2},"end":{"line":191,"column":3}},"type":"if","locations":[{"start":{"line":189,"column":2},"end":{"line":191,"column":3}},{"start":{},"end":{}}],"line":189},"28":{"loc":{"start":{"line":196,"column":2},"end":{"line":198,"column":3}},"type":"if","locations":[{"start":{"line":196,"column":2},"end":{"line":198,"column":3}},{"start":{},"end":{}}],"line":196},"29":{"loc":{"start":{"line":196,"column":6},"end":{"line":196,"column":68}},"type":"binary-expr","locations":[{"start":{"line":196,"column":6},"end":{"line":196,"column":39}},{"start":{"line":196,"column":43},"end":{"line":196,"column":68}}],"line":196},"30":{"loc":{"start":{"line":201,"column":2},"end":{"line":203,"column":3}},"type":"if","locations":[{"start":{"line":201,"column":2},"end":{"line":203,"column":3}},{"start":{},"end":{}}],"line":201},"31":{"loc":{"start":{"line":210,"column":2},"end":{"line":212,"column":3}},"type":"if","locations":[{"start":{"line":210,"column":2},"end":{"line":212,"column":3}},{"start":{},"end":{}}],"line":210},"32":{"loc":{"start":{"line":210,"column":6},"end":{"line":210,"column":57}},"type":"binary-expr","locations":[{"start":{"line":210,"column":6},"end":{"line":210,"column":28}},{"start":{"line":210,"column":32},"end":{"line":210,"column":57}}],"line":210},"33":{"loc":{"start":{"line":217,"column":4},"end":{"line":217,"column":66}},"type":"if","locations":[{"start":{"line":217,"column":4},"end":{"line":217,"column":66}},{"start":{},"end":{}}],"line":217},"34":{"loc":{"start":{"line":221,"column":2},"end":{"line":223,"column":3}},"type":"if","locations":[{"start":{"line":221,"column":2},"end":{"line":223,"column":3}},{"start":{},"end":{}}],"line":221},"35":{"loc":{"start":{"line":229,"column":2},"end":{"line":231,"column":3}},"type":"if","locations":[{"start":{"line":229,"column":2},"end":{"line":231,"column":3}},{"start":{},"end":{}}],"line":229}},"s":{"0":1,"1":1,"2":1,"3":0,"4":1,"5":0,"6":1,"7":0,"8":0,"9":0,"10":0,"11":0,"12":0,"13":0,"14":1,"15":0,"16":0,"17":0,"18":0,"19":0,"20":1,"21":0,"22":0,"23":0,"24":0,"25":1,"26":0,"27":0,"28":0,"29":0,"30":1,"31":0,"32":0,"33":0,"34":0,"35":1,"36":0,"37":0,"38":0,"39":0,"40":0,"41":0,"42":0,"43":0,"44":0,"45":0,"46":0,"47":0,"48":0,"49":0,"50":0,"51":0,"52":0,"53":0,"54":1,"55":0,"56":0,"57":0,"58":0,"59":0,"60":0,"61":0,"62":0,"63":0,"64":0,"65":0,"66":1,"67":0,"68":0,"69":0,"70":0,"71":0,"72":0,"73":0,"74":0,"75":0,"76":0,"77":0,"78":0,"79":0,"80":0,"81":0,"82":1,"83":0,"84":0,"85":0,"86":0,"87":0,"88":1,"89":0,"90":0,"91":0,"92":1,"93":0,"94":0,"95":0,"96":0,"97":1,"98":0,"99":0,"100":0,"101":0,"102":0,"103":0,"104":1,"105":0,"106":0,"107":0,"108":0,"109":0,"110":0,"111":0,"112":0,"113":0,"114":0,"115":0,"116":0,"117":1,"118":0,"119":0,"120":0,"121":0},"f":{"0":0,"1":0,"2":0,"3":0,"4":0,"5":0,"6":0,"7":0,"8":0,"9":0,"10":0,"11":0,"12":0,"13":0,"14":0,"15":0,"16":0},"b":{"0":[1,1],"1":[1,1],"2":[0,0],"3":[0,0],"4":[0,0],"5":[0,0],"6":[0,0],"7":[0,0],"8":[0,0,0],"9":[0,0],"10":[0,0,0,0],"11":[0,0],"12":[0,0],"13":[0,0],"14":[0,0],"15":[0,0],"16":[0,0],"17":[0,0],"18":[0,0],"19":[0,0],"20":[0,0],"21":[0,0],"22":[0,0],"23":[0,0],"24":[0,0],"25":[0,0],"26":[0,0],"27":[0,0],"28":[0,0],"29":[0,0],"30":[0,0],"31":[0,0],"32":[0,0],"33":[0,0],"34":[0,0],"35":[0,0]},"inputSourceMap":null,"_coverageSchema":"1a1c01bbd47fc00a2c39e90264f33305004495a9","hash":"3b7a3064689125a4ba75c213ad8536e16c476131"}
,"C:\\Users\\HP\\Desktop\\Resume Projects\\BitBuds-main\\BitBuds\\backend\\src\\controllers\\mission.controller.js": {"path":"C:\\Users\\HP\\Desktop\\Resume Projects\\BitBuds-main\\BitBuds\\backend\\src\\controllers\\mission.controller.js","statementMap":{"0":{"start":{"line":12,"column":21},"end":{"line":12,"column":25}},"1":{"start":{"line":13,"column":26},"end":{"line":13,"column":28}},"2":{"start":{"line":14,"column":28},"end":{"line":14,"column":30}},"3":{"start":{"line":16,"column":19},"end":{"line":20,"column":1}},"4":{"start":{"line":17,"column":12},"end":{"line":17,"column":26}},"5":{"start":{"line":18,"column":2},"end":{"line":18,"column":25}},"6":{"start":{"line":19,"column":2},"end":{"line":19,"column":11}},"7":{"start":{"line":22,"column":20},"end":{"line":25,"column":1}},"8":{"start":{"line":23,"column":13},"end":{"line":23,"column":62}},"9":{"start":{"line":24,"column":2},"end":{"line":24,"column":48}},"10":{"start":{"line":27,"column":23},"end":{"line":27,"column":64}},"11":{"start":{"line":27,"column":31},"end":{"line":27,"column":64}},"12":{"start":{"line":29,"column":20},"end":{"line":35,"column":1}},"13":{"start":{"line":30,"column":14},"end":{"line":30,"column":45}},"14":{"start":{"line":31,"column":2},"end":{"line":33,"column":3}},"15":{"start":{"line":32,"column":4},"end":{"line":32,"column":43}},"16":{"start":{"line":34,"column":2},"end":{"line":34,"column":15}},"17":{"start":{"line":37,"column":21},"end":{"line":58,"column":1}},"18":{"start":{"line":38,"column":16},"end":{"line":38,"column":28}},"19":{"start":{"line":39,"column":15},"end":{"line":39,"column":77}},"20":{"start":{"line":41,"column":2},"end":{"line":52,"column":3}},"21":{"start":{"line":42,"column":4},"end":{"line":42,"column":28}},"22":{"start":{"line":44,"column":17},"end":{"line":44,"column":41}},"23":{"start":{"line":45,"column":4},"end":{"line":51,"column":5}},"24":{"start":{"line":47,"column":11},"end":{"line":51,"column":5}},"25":{"start":{"line":48,"column":6},"end":{"line":48,"column":31}},"26":{"start":{"line":50,"column":6},"end":{"line":50,"column":30}},"27":{"start":{"line":54,"column":2},"end":{"line":54,"column":36}},"28":{"start":{"line":55,"column":2},"end":{"line":57,"column":3}},"29":{"start":{"line":56,"column":4},"end":{"line":56,"column":46}},"30":{"start":{"line":60,"column":30},"end":{"line":94,"column":1}},"31":{"start":{"line":61,"column":20},"end":{"line":61,"column":56}},"32":{"start":{"line":62,"column":20},"end":{"line":62,"column":65}},"33":{"start":{"line":62,"column":51},"end":{"line":62,"column":63}},"34":{"start":{"line":63,"column":24},"end":{"line":63,"column":26}},"35":{"start":{"line":65,"column":2},"end":{"line":91,"column":3}},"36":{"start":{"line":66,"column":4},"end":{"line":66,"column":54}},"37":{"start":{"line":66,"column":45},"end":{"line":66,"column":54}},"38":{"start":{"line":68,"column":19},"end":{"line":68,"column":24}},"39":{"start":{"line":69,"column":4},"end":{"line":81,"column":5}},"40":{"start":{"line":71,"column":8},"end":{"line":71,"column":56}},"41":{"start":{"line":72,"column":8},"end":{"line":72,"column":14}},"42":{"start":{"line":74,"column":8},"end":{"line":74,"column":66}},"43":{"start":{"line":75,"column":8},"end":{"line":75,"column":14}},"44":{"start":{"line":77,"column":8},"end":{"line":77,"column":62}},"45":{"start":{"line":78,"column":8},"end":{"line":78,"column":14}},"46":{"start":{"line":80,"column":8},"end":{"line":80,"column":14}},"47":{"start":{"line":83,"column":4},"end":{"line":90,"column":5}},"48":{"start":{"line":84,"column":6},"end":{"line":84,"column":34}},"49":{"start":{"line":85,"column":6},"end":{"line":85,"column":32}},"50":{"start":{"line":86,"column":6},"end":{"line":89,"column":7}},"51":{"start":{"line":87,"column":8},"end":{"line":87,"column":34}},"52":{"start":{"line":88,"column":8},"end":{"line":88,"column":40}},"53":{"start":{"line":93,"column":2},"end":{"line":93,"column":23}},"54":{"start":{"line":96,"column":29},"end":{"line":104,"column":1}},"55":{"start":{"line":97,"column":12},"end":{"line":97,"column":66}},"56":{"start":{"line":98,"column":20},"end":{"line":98,"column":93}},"57":{"start":{"line":98,"column":58},"end":{"line":98,"column":92}},"58":{"start":{"line":99,"column":2},"end":{"line":99,"column":28}},"59":{"start":{"line":100,"column":2},"end":{"line":100,"column":35}},"60":{"start":{"line":101,"column":2},"end":{"line":101,"column":21}},"61":{"start":{"line":102,"column":2},"end":{"line":102,"column":51}},"62":{"start":{"line":103,"column":2},"end":{"line":103,"column":11}},"63":{"start":{"line":106,"column":30},"end":{"line":113,"column":2}},"64":{"start":{"line":107,"column":17},"end":{"line":107,"column":35}},"65":{"start":{"line":108,"column":2},"end":{"line":108,"column":63}},"66":{"start":{"line":108,"column":26},"end":{"line":108,"column":63}},"67":{"start":{"line":109,"column":2},"end":{"line":109,"column":69}},"68":{"start":{"line":109,"column":28},"end":{"line":109,"column":69}},"69":{"start":{"line":111,"column":19},"end":{"line":111,"column":78}},"70":{"start":{"line":112,"column":2},"end":{"line":112,"column":97}},"71":{"start":{"line":115,"column":31},"end":{"line":120,"column":2}},"72":{"start":{"line":116,"column":16},"end":{"line":116,"column":46}},"73":{"start":{"line":117,"column":19},"end":{"line":117,"column":76}},"74":{"start":{"line":118,"column":19},"end":{"line":118,"column":70}},"75":{"start":{"line":118,"column":39},"end":{"line":118,"column":69}},"76":{"start":{"line":119,"column":2},"end":{"line":119,"column":112}},"77":{"start":{"line":122,"column":30},"end":{"line":128,"column":2}},"78":{"start":{"line":123,"column":18},"end":{"line":123,"column":55}},"79":{"start":{"line":124,"column":2},"end":{"line":126,"column":3}},"80":{"start":{"line":125,"column":4},"end":{"line":125,"column":49}},"81":{"start":{"line":127,"column":2},"end":{"line":127,"column":71}},"82":{"start":{"line":130,"column":37},"end":{"line":133,"column":2}},"83":{"start":{"line":131,"column":19},"end":{"line":131,"column":107}},"84":{"start":{"line":132,"column":2},"end":{"line":132,"column":106}},"85":{"start":{"line":135,"column":28},"end":{"line":151,"column":2}},"86":{"start":{"line":136,"column":18},"end":{"line":136,"column":55}},"87":{"start":{"line":137,"column":2},"end":{"line":139,"column":3}},"88":{"start":{"line":138,"column":4},"end":{"line":138,"column":49}},"89":{"start":{"line":141,"column":2},"end":{"line":150,"column":4}},"90":{"start":{"line":153,"column":29},"end":{"line":258,"column":2}},"91":{"start":{"line":154,"column":18},"end":{"line":154,"column":55}},"92":{"start":{"line":155,"column":2},"end":{"line":157,"column":3}},"93":{"start":{"line":156,"column":4},"end":{"line":156,"column":49}},"94":{"start":{"line":159,"column":19},"end":{"line":159,"column":59}},"95":{"start":{"line":160,"column":21},"end":{"line":160,"column":60}},"96":{"start":{"line":162,"column":2},"end":{"line":175,"column":3}},"97":{"start":{"line":163,"column":4},"end":{"line":174,"column":6}},"98":{"start":{"line":177,"column":15},"end":{"line":177,"column":47}},"99":{"start":{"line":178,"column":16},"end":{"line":178,"column":46}},"100":{"start":{"line":180,"column":27},"end":{"line":180,"column":105}},"101":{"start":{"line":180,"column":64},"end":{"line":180,"column":104}},"102":{"start":{"line":181,"column":19},"end":{"line":181,"column":56}},"103":{"start":{"line":182,"column":21},"end":{"line":182,"column":40}},"104":{"start":{"line":184,"column":18},"end":{"line":184,"column":23}},"105":{"start":{"line":185,"column":22},"end":{"line":185,"column":32}},"106":{"start":{"line":186,"column":25},"end":{"line":186,"column":27}},"107":{"start":{"line":188,"column":2},"end":{"line":206,"column":3}},"108":{"start":{"line":189,"column":4},"end":{"line":189,"column":24}},"109":{"start":{"line":190,"column":4},"end":{"line":190,"column":29}},"110":{"start":{"line":191,"column":4},"end":{"line":191,"column":30}},"111":{"start":{"line":192,"column":4},"end":{"line":192,"column":33}},"112":{"start":{"line":193,"column":4},"end":{"line":193,"column":46}},"113":{"start":{"line":195,"column":19},"end":{"line":195,"column":47}},"114":{"start":{"line":196,"column":24},"end":{"line":196,"column":88}},"115":{"start":{"line":197,"column":4},"end":{"line":197,"column":31}},"116":{"start":{"line":198,"column":4},"end":{"line":198,"column":52}},"117":{"start":{"line":200,"column":4},"end":{"line":204,"column":7}},"118":{"start":{"line":205,"column":4},"end":{"line":205,"column":90}},"119":{"start":{"line":205,"column":39},"end":{"line":205,"column":90}},"120":{"start":{"line":208,"column":2},"end":{"line":208,"column":22}},"121":{"start":{"line":210,"column":19},"end":{"line":210,"column":42}},"122":{"start":{"line":211,"column":2},"end":{"line":216,"column":3}},"123":{"start":{"line":212,"column":4},"end":{"line":212,"column":21}},"124":{"start":{"line":213,"column":4},"end":{"line":213,"column":31}},"125":{"start":{"line":214,"column":4},"end":{"line":214,"column":26}},"126":{"start":{"line":215,"column":4},"end":{"line":215,"column":27}},"127":{"start":{"line":218,"column":17},"end":{"line":218,"column":57}},"128":{"start":{"line":219,"column":2},"end":{"line":219,"column":33}},"129":{"start":{"line":221,"column":2},"end":{"line":221,"column":20}},"130":{"start":{"line":222,"column":2},"end":{"line":222,"column":21}},"131":{"start":{"line":223,"column":2},"end":{"line":223,"column":50}},"132":{"start":{"line":225,"column":13},"end":{"line":225,"column":30}},"133":{"start":{"line":226,"column":2},"end":{"line":239,"column":3}},"134":{"start":{"line":227,"column":4},"end":{"line":233,"column":5}},"135":{"start":{"line":228,"column":6},"end":{"line":232,"column":9}},"136":{"start":{"line":234,"column":4},"end":{"line":238,"column":5}},"137":{"start":{"line":235,"column":6},"end":{"line":237,"column":9}},"138":{"start":{"line":241,"column":2},"end":{"line":257,"column":4}},"139":{"start":{"line":253,"column":49},"end":{"line":253,"column":78}}},"fnMap":{"0":{"name":"(anonymous_0)","decl":{"start":{"line":16,"column":19},"end":{"line":16,"column":20}},"loc":{"start":{"line":16,"column":42},"end":{"line":20,"column":1}},"line":16},"1":{"name":"(anonymous_1)","decl":{"start":{"line":22,"column":20},"end":{"line":22,"column":21}},"loc":{"start":{"line":22,"column":30},"end":{"line":25,"column":1}},"line":22},"2":{"name":"(anonymous_2)","decl":{"start":{"line":27,"column":23},"end":{"line":27,"column":24}},"loc":{"start":{"line":27,"column":31},"end":{"line":27,"column":64}},"line":27},"3":{"name":"(anonymous_3)","decl":{"start":{"line":29,"column":20},"end":{"line":29,"column":21}},"loc":{"start":{"line":29,"column":38},"end":{"line":35,"column":1}},"line":29},"4":{"name":"(anonymous_4)","decl":{"start":{"line":37,"column":21},"end":{"line":37,"column":22}},"loc":{"start":{"line":37,"column":32},"end":{"line":58,"column":1}},"line":37},"5":{"name":"(anonymous_5)","decl":{"start":{"line":60,"column":30},"end":{"line":60,"column":31}},"loc":{"start":{"line":60,"column":53},"end":{"line":94,"column":1}},"line":60},"6":{"name":"(anonymous_6)","decl":{"start":{"line":62,"column":44},"end":{"line":62,"column":45}},"loc":{"start":{"line":62,"column":51},"end":{"line":62,"column":63}},"line":62},"7":{"name":"(anonymous_7)","decl":{"start":{"line":96,"column":29},"end":{"line":96,"column":30}},"loc":{"start":{"line":96,"column":49},"end":{"line":104,"column":1}},"line":96},"8":{"name":"(anonymous_8)","decl":{"start":{"line":98,"column":50},"end":{"line":98,"column":51}},"loc":{"start":{"line":98,"column":58},"end":{"line":98,"column":92}},"line":98},"9":{"name":"(anonymous_9)","decl":{"start":{"line":106,"column":43},"end":{"line":106,"column":44}},"loc":{"start":{"line":106,"column":63},"end":{"line":113,"column":1}},"line":106},"10":{"name":"(anonymous_10)","decl":{"start":{"line":115,"column":44},"end":{"line":115,"column":45}},"loc":{"start":{"line":115,"column":64},"end":{"line":120,"column":1}},"line":115},"11":{"name":"(anonymous_11)","decl":{"start":{"line":118,"column":32},"end":{"line":118,"column":33}},"loc":{"start":{"line":118,"column":39},"end":{"line":118,"column":69}},"line":118},"12":{"name":"(anonymous_12)","decl":{"start":{"line":122,"column":43},"end":{"line":122,"column":44}},"loc":{"start":{"line":122,"column":63},"end":{"line":128,"column":1}},"line":122},"13":{"name":"(anonymous_13)","decl":{"start":{"line":130,"column":50},"end":{"line":130,"column":51}},"loc":{"start":{"line":130,"column":70},"end":{"line":133,"column":1}},"line":130},"14":{"name":"(anonymous_14)","decl":{"start":{"line":135,"column":41},"end":{"line":135,"column":42}},"loc":{"start":{"line":135,"column":61},"end":{"line":151,"column":1}},"line":135},"15":{"name":"(anonymous_15)","decl":{"start":{"line":153,"column":42},"end":{"line":153,"column":43}},"loc":{"start":{"line":153,"column":62},"end":{"line":258,"column":1}},"line":153},"16":{"name":"(anonymous_16)","decl":{"start":{"line":180,"column":56},"end":{"line":180,"column":57}},"loc":{"start":{"line":180,"column":64},"end":{"line":180,"column":104}},"line":180},"17":{"name":"(anonymous_17)","decl":{"start":{"line":253,"column":41},"end":{"line":253,"column":42}},"loc":{"start":{"line":253,"column":49},"end":{"line":253,"column":78}},"line":253}},"branchMap":{"0":{"loc":{"start":{"line":16,"column":20},"end":{"line":16,"column":37}},"type":"default-arg","locations":[{"start":{"line":16,"column":27},"end":{"line":16,"column":37}}],"line":16},"1":{"loc":{"start":{"line":31,"column":2},"end":{"line":33,"column":3}},"type":"if","locations":[{"start":{"line":31,"column":2},"end":{"line":33,"column":3}},{"start":{},"end":{}}],"line":31},"2":{"loc":{"start":{"line":39,"column":15},"end":{"line":39,"column":77}},"type":"cond-expr","locations":[{"start":{"line":39,"column":38},"end":{"line":39,"column":70}},{"start":{"line":39,"column":73},"end":{"line":39,"column":77}}],"line":39},"3":{"loc":{"start":{"line":41,"column":2},"end":{"line":52,"column":3}},"type":"if","locations":[{"start":{"line":41,"column":2},"end":{"line":52,"column":3}},{"start":{"line":43,"column":9},"end":{"line":52,"column":3}}],"line":41},"4":{"loc":{"start":{"line":45,"column":4},"end":{"line":51,"column":5}},"type":"if","locations":[{"start":{"line":45,"column":4},"end":{"line":51,"column":5}},{"start":{"line":47,"column":11},"end":{"line":51,"column":5}}],"line":45},"5":{"loc":{"start":{"line":47,"column":11},"end":{"line":51,"column":5}},"type":"if","locations":[{"start":{"line":47,"column":11},"end":{"line":51,"column":5}},{"start":{"line":49,"column":11},"end":{"line":51,"column":5}}],"line":47},"6":{"loc":{"start":{"line":55,"column":2},"end":{"line":57,"column":3}},"type":"if","locations":[{"start":{"line":55,"column":2},"end":{"line":57,"column":3}},{"start":{},"end":{}}],"line":55},"7":{"loc":{"start":{"line":66,"column":4},"end":{"line":66,"column":54}},"type":"if","locations":[{"start":{"line":66,"column":4},"end":{"line":66,"column":54}},{"start":{},"end":{}}],"line":66},"8":{"loc":{"start":{"line":69,"column":4},"end":{"line":81,"column":5}},"type":"switch","locations":[{"start":{"line":70,"column":6},"end":{"line":72,"column":14}},{"start":{"line":73,"column":6},"end":{"line":75,"column":14}},{"start":{"line":76,"column":6},"end":{"line":78,"column":14}},{"start":{"line":79,"column":6},"end":{"line":80,"column":14}}],"line":69},"9":{"loc":{"start":{"line":83,"column":4},"end":{"line":90,"column":5}},"type":"if","locations":[{"start":{"line":83,"column":4},"end":{"line":90,"column":5}},{"start":{},"end":{}}],"line":83},"10":{"loc":{"start":{"line":86,"column":6},"end":{"line":89,"column":7}},"type":"if","locations":[{"start":{"line":86,"column":6},"end":{"line":89,"column":7}},{"start":{},"end":{}}],"line":86},"11":{"loc":{"start":{"line":97,"column":12},"end":{"line":97,"column":66}},"type":"cond-expr","locations":[{"start":{"line":97,"column":31},"end":{"line":97,"column":49}},{"start":{"line":97,"column":52},"end":{"line":97,"column":66}}],"line":97},"12":{"loc":{"start":{"line":100,"column":15},"end":{"line":100,"column":34}},"type":"cond-expr","locations":[{"start":{"line":100,"column":27},"end":{"line":100,"column":30}},{"start":{"line":100,"column":33},"end":{"line":100,"column":34}}],"line":100},"13":{"loc":{"start":{"line":102,"column":13},"end":{"line":102,"column":50}},"type":"cond-expr","locations":[{"start":{"line":102,"column":25},"end":{"line":102,"column":36}},{"start":{"line":102,"column":39},"end":{"line":102,"column":50}}],"line":102},"14":{"loc":{"start":{"line":108,"column":2},"end":{"line":108,"column":63}},"type":"if","locations":[{"start":{"line":108,"column":2},"end":{"line":108,"column":63}},{"start":{},"end":{}}],"line":108},"15":{"loc":{"start":{"line":109,"column":2},"end":{"line":109,"column":69}},"type":"if","locations":[{"start":{"line":109,"column":2},"end":{"line":109,"column":69}},{"start":{},"end":{}}],"line":109},"16":{"loc":{"start":{"line":124,"column":2},"end":{"line":126,"column":3}},"type":"if","locations":[{"start":{"line":124,"column":2},"end":{"line":126,"column":3}},{"start":{},"end":{}}],"line":124},"17":{"loc":{"start":{"line":137,"column":2},"end":{"line":139,"column":3}},"type":"if","locations":[{"start":{"line":137,"column":2},"end":{"line":139,"column":3}},{"start":{},"end":{}}],"line":137},"18":{"loc":{"start":{"line":155,"column":2},"end":{"line":157,"column":3}},"type":"if","locations":[{"start":{"line":155,"column":2},"end":{"line":157,"column":3}},{"start":{},"end":{}}],"line":155},"19":{"loc":{"start":{"line":159,"column":19},"end":{"line":159,"column":59}},"type":"binary-expr","locations":[{"start":{"line":159,"column":19},"end":{"line":159,"column":36}},{"start":{"line":159,"column":40},"end":{"line":159,"column":53}},{"start":{"line":159,"column":57},"end":{"line":159,"column":59}}],"line":159},"20":{"loc":{"start":{"line":162,"column":2},"end":{"line":175,"column":3}},"type":"if","locations":[{"start":{"line":162,"column":2},"end":{"line":175,"column":3}},{"start":{},"end":{}}],"line":162},"21":{"loc":{"start":{"line":171,"column":21},"end":{"line":171,"column":45}},"type":"binary-expr","locations":[{"start":{"line":171,"column":21},"end":{"line":171,"column":39}},{"start":{"line":171,"column":43},"end":{"line":171,"column":45}}],"line":171},"22":{"loc":{"start":{"line":173,"column":6},"end":{"line":173,"column":48}},"type":"binary-expr","locations":[{"start":{"line":173,"column":6},"end":{"line":173,"column":22}},{"start":{"line":173,"column":26},"end":{"line":173,"column":48}}],"line":173},"23":{"loc":{"start":{"line":181,"column":19},"end":{"line":181,"column":56}},"type":"binary-expr","locations":[{"start":{"line":181,"column":19},"end":{"line":181,"column":35}},{"start":{"line":181,"column":39},"end":{"line":181,"column":56}}],"line":181},"24":{"loc":{"start":{"line":188,"column":2},"end":{"line":206,"column":3}},"type":"if","locations":[{"start":{"line":188,"column":2},"end":{"line":206,"column":3}},{"start":{},"end":{}}],"line":188},"25":{"loc":{"start":{"line":195,"column":19},"end":{"line":195,"column":47}},"type":"binary-expr","locations":[{"start":{"line":195,"column":19},"end":{"line":195,"column":35}},{"start":{"line":195,"column":39},"end":{"line":195,"column":47}}],"line":195},"26":{"loc":{"start":{"line":196,"column":24},"end":{"line":196,"column":88}},"type":"binary-expr","locations":[{"start":{"line":196,"column":24},"end":{"line":196,"column":58}},{"start":{"line":196,"column":62},"end":{"line":196,"column":88}}],"line":196},"27":{"loc":{"start":{"line":205,"column":4},"end":{"line":205,"column":90}},"type":"if","locations":[{"start":{"line":205,"column":4},"end":{"line":205,"column":90}},{"start":{},"end":{}}],"line":205},"28":{"loc":{"start":{"line":211,"column":2},"end":{"line":216,"column":3}},"type":"if","locations":[{"start":{"line":211,"column":2},"end":{"line":216,"column":3}},{"start":{},"end":{}}],"line":211},"29":{"loc":{"start":{"line":226,"column":2},"end":{"line":239,"column":3}},"type":"if","locations":[{"start":{"line":226,"column":2},"end":{"line":239,"column":3}},{"start":{},"end":{}}],"line":226},"30":{"loc":{"start":{"line":227,"column":4},"end":{"line":233,"column":5}},"type":"if","locations":[{"start":{"line":227,"column":4},"end":{"line":233,"column":5}},{"start":{},"end":{}}],"line":227},"31":{"loc":{"start":{"line":236,"column":15},"end":{"line":236,"column":56}},"type":"cond-expr","locations":[{"start":{"line":236,"column":32},"end":{"line":236,"column":48}},{"start":{"line":236,"column":51},"end":{"line":236,"column":56}}],"line":236},"32":{"loc":{"start":{"line":248,"column":16},"end":{"line":248,"column":47}},"type":"cond-expr","locations":[{"start":{"line":248,"column":35},"end":{"line":248,"column":36}},{"start":{"line":248,"column":39},"end":{"line":248,"column":47}}],"line":248},"33":{"loc":{"start":{"line":249,"column":19},"end":{"line":249,"column":52}},"type":"cond-expr","locations":[{"start":{"line":249,"column":38},"end":{"line":249,"column":39}},{"start":{"line":249,"column":42},"end":{"line":249,"column":52}}],"line":249},"34":{"loc":{"start":{"line":253,"column":49},"end":{"line":253,"column":78}},"type":"cond-expr","locations":[{"start":{"line":253,"column":62},"end":{"line":253,"column":74}},{"start":{"line":253,"column":77},"end":{"line":253,"column":78}}],"line":253},"35":{"loc":{"start":{"line":256,"column":4},"end":{"line":256,"column":89}},"type":"cond-expr","locations":[{"start":{"line":256,"column":23},"end":{"line":256,"column":66}},{"start":{"line":256,"column":69},"end":{"line":256,"column":89}}],"line":256}},"s":{"0":1,"1":1,"2":1,"3":1,"4":0,"5":0,"6":0,"7":1,"8":0,"9":0,"10":1,"11":0,"12":1,"13":0,"14":0,"15":0,"16":0,"17":1,"18":0,"19":0,"20":0,"21":0,"22":0,"23":0,"24":0,"25":0,"26":0,"27":0,"28":0,"29":0,"30":1,"31":0,"32":0,"33":0,"34":0,"35":0,"36":0,"37":0,"38":0,"39":0,"40":0,"41":0,"42":0,"43":0,"44":0,"45":0,"46":0,"47":0,"48":0,"49":0,"50":0,"51":0,"52":0,"53":0,"54":1,"55":0,"56":0,"57":0,"58":0,"59":0,"60":0,"61":0,"62":0,"63":1,"64":0,"65":0,"66":0,"67":0,"68":0,"69":0,"70":0,"71":1,"72":0,"73":0,"74":0,"75":0,"76":0,"77":1,"78":0,"79":0,"80":0,"81":0,"82":1,"83":0,"84":0,"85":1,"86":0,"87":0,"88":0,"89":0,"90":1,"91":0,"92":0,"93":0,"94":0,"95":0,"96":0,"97":0,"98":0,"99":0,"100":0,"101":0,"102":0,"103":0,"104":0,"105":0,"106":0,"107":0,"108":0,"109":0,"110":0,"111":0,"112":0,"113":0,"114":0,"115":0,"116":0,"117":0,"118":0,"119":0,"120":0,"121":0,"122":0,"123":0,"124":0,"125":0,"126":0,"127":0,"128":0,"129":0,"130":0,"131":0,"132":0,"133":0,"134":0,"135":0,"136":0,"137":0,"138":0,"139":0},"f":{"0":0,"1":0,"2":0,"3":0,"4":0,"5":0,"6":0,"7":0,"8":0,"9":0,"10":0,"11":0,"12":0,"13":0,"14":0,"15":0,"16":0,"17":0},"b":{"0":[0],"1":[0,0],"2":[0,0],"3":[0,0],"4":[0,0],"5":[0,0],"6":[0,0],"7":[0,0],"8":[0,0,0,0],"9":[0,0],"10":[0,0],"11":[0,0],"12":[0,0],"13":[0,0],"14":[0,0],"15":[0,0],"16":[0,0],"17":[0,0],"18":[0,0],"19":[0,0,0],"20":[0,0],"21":[0,0],"22":[0,0],"23":[0,0],"24":[0,0],"25":[0,0],"26":[0,0],"27":[0,0],"28":[0,0],"29":[0,0],"30":[0,0],"31":[0,0],"32":[0,0],"33":[0,0],"34":[0,0],"35":[0,0]},"inputSourceMap":null,"_coverageSchema":"1a1c01bbd47fc00a2c39e90264f33305004495a9","hash":"0176f9be337a40fa0bba64ba98b27b18c1d144a3"}
,"C:\\Users\\HP\\Desktop\\Resume Projects\\BitBuds-main\\BitBuds\\backend\\src\\controllers\\stats.controller.js": {"path":"C:\\Users\\HP\\Desktop\\Resume Projects\\BitBuds-main\\BitBuds\\backend\\src\\controllers\\stats.controller.js","statementMap":{"0":{"start":{"line":14,"column":20},"end":{"line":20,"column":1}},"1":{"start":{"line":15,"column":14},"end":{"line":15,"column":45}},"2":{"start":{"line":16,"column":2},"end":{"line":18,"column":3}},"3":{"start":{"line":17,"column":4},"end":{"line":17,"column":43}},"4":{"start":{"line":19,"column":2},"end":{"line":19,"column":15}},"5":{"start":{"line":22,"column":33},"end":{"line":39,"column":1}},"6":{"start":{"line":23,"column":18},"end":{"line":23,"column":46}},"7":{"start":{"line":23,"column":37},"end":{"line":23,"column":45}},"8":{"start":{"line":24,"column":16},"end":{"line":24,"column":111}},"9":{"start":{"line":25,"column":18},"end":{"line":25,"column":66}},"10":{"start":{"line":25,"column":43},"end":{"line":25,"column":64}},"11":{"start":{"line":27,"column":2},"end":{"line":38,"column":5}},"12":{"start":{"line":28,"column":17},"end":{"line":28,"column":53}},"13":{"start":{"line":29,"column":4},"end":{"line":37,"column":6}},"14":{"start":{"line":41,"column":28},"end":{"line":52,"column":1}},"15":{"start":{"line":42,"column":16},"end":{"line":42,"column":92}},"16":{"start":{"line":43,"column":2},"end":{"line":51,"column":6}},"17":{"start":{"line":43,"column":37},"end":{"line":51,"column":3}},"18":{"start":{"line":54,"column":26},"end":{"line":75,"column":2}},"19":{"start":{"line":55,"column":16},"end":{"line":55,"column":46}},"20":{"start":{"line":56,"column":15},"end":{"line":56,"column":66}},"21":{"start":{"line":58,"column":2},"end":{"line":74,"column":4}},"22":{"start":{"line":77,"column":28},"end":{"line":103,"column":2}},"23":{"start":{"line":78,"column":16},"end":{"line":78,"column":46}},"24":{"start":{"line":79,"column":15},"end":{"line":79,"column":66}},"25":{"start":{"line":80,"column":25},"end":{"line":80,"column":96}},"26":{"start":{"line":82,"column":2},"end":{"line":102,"column":4}},"27":{"start":{"line":105,"column":30},"end":{"line":133,"column":2}},"28":{"start":{"line":106,"column":16},"end":{"line":106,"column":66}},"29":{"start":{"line":107,"column":15},"end":{"line":107,"column":48}},"30":{"start":{"line":108,"column":15},"end":{"line":108,"column":33}},"31":{"start":{"line":111,"column":15},"end":{"line":111,"column":24}},"32":{"start":{"line":113,"column":2},"end":{"line":121,"column":3}},"33":{"start":{"line":114,"column":25},"end":{"line":114,"column":67}},"34":{"start":{"line":115,"column":4},"end":{"line":120,"column":5}},"35":{"start":{"line":116,"column":6},"end":{"line":116,"column":23}},"36":{"start":{"line":117,"column":6},"end":{"line":119,"column":8}},"37":{"start":{"line":118,"column":36},"end":{"line":118,"column":64}},"38":{"start":{"line":123,"column":2},"end":{"line":125,"column":3}},"39":{"start":{"line":124,"column":4},"end":{"line":124,"column":57}},"40":{"start":{"line":127,"column":2},"end":{"line":132,"column":4}},"41":{"start":{"line":135,"column":25},"end":{"line":149,"column":2}},"42":{"start":{"line":136,"column":13},"end":{"line":136,"column":17}},"43":{"start":{"line":138,"column":2},"end":{"line":140,"column":3}},"44":{"start":{"line":139,"column":4},"end":{"line":139,"column":51}},"45":{"start":{"line":142,"column":2},"end":{"line":146,"column":3}},"46":{"start":{"line":143,"column":17},"end":{"line":143,"column":49}},"47":{"start":{"line":144,"column":24},"end":{"line":144,"column":75}},"48":{"start":{"line":145,"column":4},"end":{"line":145,"column":27}},"49":{"start":{"line":148,"column":2},"end":{"line":148,"column":70}},"50":{"start":{"line":151,"column":35},"end":{"line":167,"column":2}},"51":{"start":{"line":152,"column":16},"end":{"line":152,"column":46}},"52":{"start":{"line":153,"column":21},"end":{"line":153,"column":75}},"53":{"start":{"line":155,"column":19},"end":{"line":155,"column":21}},"54":{"start":{"line":156,"column":2},"end":{"line":164,"column":3}},"55":{"start":{"line":157,"column":18},"end":{"line":157,"column":76}},"56":{"start":{"line":158,"column":19},"end":{"line":158,"column":55}},"57":{"start":{"line":159,"column":4},"end":{"line":163,"column":6}},"58":{"start":{"line":166,"column":2},"end":{"line":166,"column":82}},"59":{"start":{"line":169,"column":31},"end":{"line":177,"column":2}},"60":{"start":{"line":170,"column":15},"end":{"line":170,"column":66}},"61":{"start":{"line":171,"column":2},"end":{"line":176,"column":4}},"62":{"start":{"line":179,"column":27},"end":{"line":184,"column":2}},"63":{"start":{"line":180,"column":16},"end":{"line":180,"column":51}},"64":{"start":{"line":181,"column":16},"end":{"line":181,"column":46}},"65":{"start":{"line":182,"column":19},"end":{"line":182,"column":52}},"66":{"start":{"line":183,"column":2},"end":{"line":183,"column":102}},"67":{"start":{"line":186,"column":30},"end":{"line":207,"column":2}},"68":{"start":{"line":187,"column":63},"end":{"line":192,"column":4}},"69":{"start":{"line":194,"column":2},"end":{"line":206,"column":4}},"70":{"start":{"line":209,"column":28},"end":{"line":236,"column":2}},"71":{"start":{"line":210,"column":16},"end":{"line":210,"column":46}},"72":{"start":{"line":211,"column":16},"end":{"line":211,"column":26}},"73":{"start":{"line":212,"column":2},"end":{"line":212,"column":29}},"74":{"start":{"line":214,"column":15},"end":{"line":214,"column":75}},"75":{"start":{"line":215,"column":2},"end":{"line":215,"column":38}},"76":{"start":{"line":215,"column":12},"end":{"line":215,"column":38}},"77":{"start":{"line":217,"column":2},"end":{"line":228,"column":3}},"78":{"start":{"line":218,"column":17},"end":{"line":218,"column":78}},"79":{"start":{"line":219,"column":4},"end":{"line":221,"column":44}},"80":{"start":{"line":219,"column":20},"end":{"line":219,"column":45}},"81":{"start":{"line":220,"column":9},"end":{"line":221,"column":44}},"82":{"start":{"line":220,"column":23},"end":{"line":220,"column":47}},"83":{"start":{"line":221,"column":9},"end":{"line":221,"column":44}},"84":{"start":{"line":221,"column":20},"end":{"line":221,"column":44}},"85":{"start":{"line":223,"column":4},"end":{"line":223,"column":38}},"86":{"start":{"line":224,"column":4},"end":{"line":226,"column":5}},"87":{"start":{"line":225,"column":6},"end":{"line":225,"column":48}},"88":{"start":{"line":227,"column":4},"end":{"line":227,"column":23}},"89":{"start":{"line":230,"column":2},"end":{"line":235,"column":4}},"90":{"start":{"line":238,"column":32},"end":{"line":292,"column":2}},"91":{"start":{"line":239,"column":19},"end":{"line":239,"column":68}},"92":{"start":{"line":240,"column":24},"end":{"line":240,"column":78}},"93":{"start":{"line":241,"column":23},"end":{"line":241,"column":76}},"94":{"start":{"line":242,"column":25},"end":{"line":242,"column":109}},"95":{"start":{"line":244,"column":4},"end":{"line":244,"column":94}},"96":{"start":{"line":246,"column":15},"end":{"line":246,"column":66}},"97":{"start":{"line":247,"column":2},"end":{"line":249,"column":3}},"98":{"start":{"line":248,"column":4},"end":{"line":248,"column":46}},"99":{"start":{"line":251,"column":16},"end":{"line":251,"column":46}},"100":{"start":{"line":253,"column":2},"end":{"line":262,"column":3}},"101":{"start":{"line":254,"column":4},"end":{"line":254,"column":24}},"102":{"start":{"line":255,"column":4},"end":{"line":255,"column":30}},"103":{"start":{"line":256,"column":4},"end":{"line":260,"column":7}},"104":{"start":{"line":261,"column":4},"end":{"line":261,"column":90}},"105":{"start":{"line":261,"column":39},"end":{"line":261,"column":90}},"106":{"start":{"line":264,"column":2},"end":{"line":264,"column":51}},"107":{"start":{"line":265,"column":2},"end":{"line":265,"column":53}},"108":{"start":{"line":267,"column":27},"end":{"line":267,"column":100}},"109":{"start":{"line":268,"column":2},"end":{"line":268,"column":106}},"110":{"start":{"line":269,"column":2},"end":{"line":269,"column":56}},"111":{"start":{"line":270,"column":2},"end":{"line":270,"column":63}},"112":{"start":{"line":272,"column":2},"end":{"line":272,"column":20}},"113":{"start":{"line":273,"column":2},"end":{"line":273,"column":21}},"114":{"start":{"line":274,"column":2},"end":{"line":274,"column":50}},"115":{"start":{"line":276,"column":2},"end":{"line":291,"column":4}},"116":{"start":{"line":296,"column":28},"end":{"line":303,"column":2}},"117":{"start":{"line":297,"column":17},"end":{"line":297,"column":35}},"118":{"start":{"line":298,"column":2},"end":{"line":298,"column":63}},"119":{"start":{"line":298,"column":26},"end":{"line":298,"column":63}},"120":{"start":{"line":299,"column":2},"end":{"line":299,"column":57}},"121":{"start":{"line":299,"column":24},"end":{"line":299,"column":57}},"122":{"start":{"line":301,"column":17},"end":{"line":301,"column":68}},"123":{"start":{"line":302,"column":2},"end":{"line":302,"column":91}},"124":{"start":{"line":305,"column":29},"end":{"line":308,"column":2}},"125":{"start":{"line":306,"column":15},"end":{"line":306,"column":66}},"126":{"start":{"line":307,"column":2},"end":{"line":307,"column":101}},"127":{"start":{"line":310,"column":34},"end":{"line":338,"column":2}},"128":{"start":{"line":311,"column":15},"end":{"line":311,"column":47}},"129":{"start":{"line":312,"column":16},"end":{"line":312,"column":46}},"130":{"start":{"line":313,"column":20},"end":{"line":313,"column":56}},"131":{"start":{"line":314,"column":17},"end":{"line":314,"column":62}},"132":{"start":{"line":314,"column":48},"end":{"line":314,"column":60}},"133":{"start":{"line":316,"column":17},"end":{"line":335,"column":4}},"134":{"start":{"line":317,"column":16},"end":{"line":317,"column":32}},"135":{"start":{"line":318,"column":4},"end":{"line":318,"column":50}},"136":{"start":{"line":319,"column":19},"end":{"line":319,"column":24}},"137":{"start":{"line":320,"column":4},"end":{"line":332,"column":5}},"138":{"start":{"line":322,"column":8},"end":{"line":322,"column":56}},"139":{"start":{"line":323,"column":8},"end":{"line":323,"column":14}},"140":{"start":{"line":325,"column":8},"end":{"line":325,"column":66}},"141":{"start":{"line":326,"column":8},"end":{"line":326,"column":14}},"142":{"start":{"line":328,"column":8},"end":{"line":328,"column":62}},"143":{"start":{"line":329,"column":8},"end":{"line":329,"column":14}},"144":{"start":{"line":331,"column":8},"end":{"line":331,"column":14}},"145":{"start":{"line":333,"column":4},"end":{"line":333,"column":43}},"146":{"start":{"line":334,"column":4},"end":{"line":334,"column":15}},"147":{"start":{"line":337,"column":2},"end":{"line":337,"column":88}},"148":{"start":{"line":340,"column":37},"end":{"line":379,"column":2}},"149":{"start":{"line":341,"column":15},"end":{"line":341,"column":47}},"150":{"start":{"line":342,"column":16},"end":{"line":342,"column":46}},"151":{"start":{"line":343,"column":20},"end":{"line":343,"column":56}},"152":{"start":{"line":344,"column":20},"end":{"line":344,"column":65}},"153":{"start":{"line":344,"column":51},"end":{"line":344,"column":63}},"154":{"start":{"line":345,"column":23},"end":{"line":345,"column":25}},"155":{"start":{"line":347,"column":2},"end":{"line":369,"column":3}},"156":{"start":{"line":348,"column":4},"end":{"line":348,"column":54}},"157":{"start":{"line":348,"column":45},"end":{"line":348,"column":54}},"158":{"start":{"line":350,"column":19},"end":{"line":350,"column":24}},"159":{"start":{"line":351,"column":4},"end":{"line":363,"column":5}},"160":{"start":{"line":353,"column":8},"end":{"line":353,"column":56}},"161":{"start":{"line":354,"column":8},"end":{"line":354,"column":14}},"162":{"start":{"line":356,"column":8},"end":{"line":356,"column":66}},"163":{"start":{"line":357,"column":8},"end":{"line":357,"column":14}},"164":{"start":{"line":359,"column":8},"end":{"line":359,"column":62}},"165":{"start":{"line":360,"column":8},"end":{"line":360,"column":14}},"166":{"start":{"line":362,"column":8},"end":{"line":362,"column":14}},"167":{"start":{"line":365,"column":4},"end":{"line":368,"column":5}},"168":{"start":{"line":366,"column":6},"end":{"line":366,"column":34}},"169":{"start":{"line":367,"column":6},"end":{"line":367,"column":31}},"170":{"start":{"line":371,"column":2},"end":{"line":371,"column":45}},"171":{"start":{"line":371,"column":27},"end":{"line":371,"column":45}},"172":{"start":{"line":373,"column":2},"end":{"line":378,"column":4}},"173":{"start":{"line":381,"column":28},"end":{"line":387,"column":2}},"174":{"start":{"line":382,"column":16},"end":{"line":382,"column":51}},"175":{"start":{"line":383,"column":2},"end":{"line":385,"column":3}},"176":{"start":{"line":384,"column":4},"end":{"line":384,"column":47}},"177":{"start":{"line":386,"column":2},"end":{"line":386,"column":67}}},"fnMap":{"0":{"name":"(anonymous_0)","decl":{"start":{"line":14,"column":20},"end":{"line":14,"column":21}},"loc":{"start":{"line":14,"column":38},"end":{"line":20,"column":1}},"line":14},"1":{"name":"(anonymous_1)","decl":{"start":{"line":22,"column":33},"end":{"line":22,"column":34}},"loc":{"start":{"line":22,"column":52},"end":{"line":39,"column":1}},"line":22},"2":{"name":"(anonymous_2)","decl":{"start":{"line":23,"column":30},"end":{"line":23,"column":31}},"loc":{"start":{"line":23,"column":37},"end":{"line":23,"column":45}},"line":23},"3":{"name":"(anonymous_3)","decl":{"start":{"line":25,"column":36},"end":{"line":25,"column":37}},"loc":{"start":{"line":25,"column":43},"end":{"line":25,"column":64}},"line":25},"4":{"name":"(anonymous_4)","decl":{"start":{"line":27,"column":21},"end":{"line":27,"column":22}},"loc":{"start":{"line":27,"column":39},"end":{"line":38,"column":3}},"line":27},"5":{"name":"(anonymous_5)","decl":{"start":{"line":41,"column":28},"end":{"line":41,"column":29}},"loc":{"start":{"line":41,"column":51},"end":{"line":52,"column":1}},"line":41},"6":{"name":"(anonymous_6)","decl":{"start":{"line":43,"column":19},"end":{"line":43,"column":20}},"loc":{"start":{"line":43,"column":37},"end":{"line":51,"column":3}},"line":43},"7":{"name":"(anonymous_7)","decl":{"start":{"line":54,"column":39},"end":{"line":54,"column":40}},"loc":{"start":{"line":54,"column":59},"end":{"line":75,"column":1}},"line":54},"8":{"name":"(anonymous_8)","decl":{"start":{"line":77,"column":41},"end":{"line":77,"column":42}},"loc":{"start":{"line":77,"column":61},"end":{"line":103,"column":1}},"line":77},"9":{"name":"(anonymous_9)","decl":{"start":{"line":105,"column":43},"end":{"line":105,"column":44}},"loc":{"start":{"line":105,"column":63},"end":{"line":133,"column":1}},"line":105},"10":{"name":"(anonymous_10)","decl":{"start":{"line":118,"column":25},"end":{"line":118,"column":26}},"loc":{"start":{"line":118,"column":36},"end":{"line":118,"column":64}},"line":118},"11":{"name":"(anonymous_11)","decl":{"start":{"line":135,"column":38},"end":{"line":135,"column":39}},"loc":{"start":{"line":135,"column":58},"end":{"line":149,"column":1}},"line":135},"12":{"name":"(anonymous_12)","decl":{"start":{"line":151,"column":48},"end":{"line":151,"column":49}},"loc":{"start":{"line":151,"column":68},"end":{"line":167,"column":1}},"line":151},"13":{"name":"(anonymous_13)","decl":{"start":{"line":169,"column":44},"end":{"line":169,"column":45}},"loc":{"start":{"line":169,"column":64},"end":{"line":177,"column":1}},"line":169},"14":{"name":"(anonymous_14)","decl":{"start":{"line":179,"column":40},"end":{"line":179,"column":41}},"loc":{"start":{"line":179,"column":60},"end":{"line":184,"column":1}},"line":179},"15":{"name":"(anonymous_15)","decl":{"start":{"line":186,"column":43},"end":{"line":186,"column":44}},"loc":{"start":{"line":186,"column":64},"end":{"line":207,"column":1}},"line":186},"16":{"name":"(anonymous_16)","decl":{"start":{"line":209,"column":41},"end":{"line":209,"column":42}},"loc":{"start":{"line":209,"column":61},"end":{"line":236,"column":1}},"line":209},"17":{"name":"(anonymous_17)","decl":{"start":{"line":238,"column":45},"end":{"line":238,"column":46}},"loc":{"start":{"line":238,"column":65},"end":{"line":292,"column":1}},"line":238},"18":{"name":"(anonymous_18)","decl":{"start":{"line":296,"column":41},"end":{"line":296,"column":42}},"loc":{"start":{"line":296,"column":61},"end":{"line":303,"column":1}},"line":296},"19":{"name":"(anonymous_19)","decl":{"start":{"line":305,"column":42},"end":{"line":305,"column":43}},"loc":{"start":{"line":305,"column":62},"end":{"line":308,"column":1}},"line":305},"20":{"name":"(anonymous_20)","decl":{"start":{"line":310,"column":47},"end":{"line":310,"column":48}},"loc":{"start":{"line":310,"column":67},"end":{"line":338,"column":1}},"line":310},"21":{"name":"(anonymous_21)
[...]
,"C:\\Users\\HP\\Desktop\\Resume Projects\\BitBuds-main\\BitBuds\\backend\\src\\routes\\stats.routes.js": {"path":"C:\\Users\\HP\\Desktop\\Resume Projects\\BitBuds-main\\BitBuds\\backend\\src\\routes\\stats.routes.js","statementMap":{"0":{"start":{"line":5,"column":15},"end":{"line":5,"column":23}},"1":{"start":{"line":7,"column":0},"end":{"line":7,"column":54}},"2":{"start":{"line":8,"column":0},"end":{"line":8,"column":73}},"3":{"start":{"line":10,"column":0},"end":{"line":10,"column":25}},"4":{"start":{"line":11,"column":0},"end":{"line":11,"column":46}},"5":{"start":{"line":12,"column":0},"end":{"line":12,"column":55}},"6":{"start":{"line":13,"column":0},"end":{"line":13,"column":47}},"7":{"start":{"line":14,"column":0},"end":{"line":14,"column":70}},"8":{"start":{"line":15,"column":0},"end":{"line":15,"column":61}},"9":{"start":{"line":16,"column":0},"end":{"line":16,"column":53}},"10":{"start":{"line":17,"column":0},"end":{"line":17,"column":53}},"11":{"start":{"line":18,"column":0},"end":{"line":18,"column":59}},"12":{"start":{"line":23,"column":27},"end":{"line":23,"column":35}},"13":{"start":{"line":24,"column":0},"end":{"line":24,"column":30}},"14":{"start":{"line":25,"column":0},"end":{"line":25,"column":51}},"15":{"start":{"line":26,"column":0},"end":{"line":26,"column":61}},"16":{"start":{"line":27,"column":0},"end":{"line":27,"column":66}},"17":{"start":{"line":28,"column":0},"end":{"line":28,"column":78}},"18":{"start":{"line":29,"column":0},"end":{"line":29,"column":54}}},"fnMap":{},"branchMap":{},"s":{"0":1,"1":1,"2":1,"3":1,"4":1,"5":1,"6":1,"7":1,"8":1,"9":1,"10":1,"11":1,"12":1,"13":1,"14":1,"15":1,"16":1,"17":1,"18":1},"f":{},"b":{},"inputSourceMap":null,"_coverageSchema":"1a1c01bbd47fc00a2c39e90264f33305004495a9","hash":"5255fa08fc18c60973116043aae44290a019a353"}
,"C:\\Users\\HP\\Desktop\\Resume Projects\\BitBuds-main\\BitBuds\\backend\\src\\socket\\connection.js": {"path":"C:\\Users\\HP\\Desktop\\Resume Projects\\BitBuds-main\\BitBuds\\backend\\src\\socket\\connection.js","statementMap":{"0":{"start":{"line":3,"column":20},"end":{"line":36,"column":1}},"1":{"start":{"line":38,"column":26},"end":{"line":64,"column":1}},"2":{"start":{"line":39,"column":2},"end":{"line":63,"column":5}},"3":{"start":{"line":40,"column":4},"end":{"line":40,"column":68}},"4":{"start":{"line":42,"column":4},"end":{"line":51,"column":7}},"5":{"start":{"line":43,"column":21},"end":{"line":43,"column":45}},"6":{"start":{"line":44,"column":23},"end":{"line":44,"column":62}},"7":{"start":{"line":46,"column":6},"end":{"line":50,"column":9}},"8":{"start":{"line":53,"column":4},"end":{"line":58,"column":7}},"9":{"start":{"line":54,"column":6},"end":{"line":57,"column":7}},"10":{"start":{"line":55,"column":8},"end":{"line":55,"column":38}},"11":{"start":{"line":56,"column":8},"end":{"line":56,"column":80}},"12":{"start":{"line":60,"column":4},"end":{"line":62,"column":7}},"13":{"start":{"line":61,"column":6},"end":{"line":61,"column":73}},"14":{"start":{"line":66,"column":26},"end":{"line":69,"column":1}},"15":{"start":{"line":67,"column":2},"end":{"line":67,"column":29}},"16":{"start":{"line":67,"column":22},"end":{"line":67,"column":29}},"17":{"start":{"line":68,"column":2},"end":{"line":68,"column":44}}},"fnMap":{"0":{"name":"(anonymous_0)","decl":{"start":{"line":38,"column":26},"end":{"line":38,"column":27}},"loc":{"start":{"line":38,"column":34},"end":{"line":64,"column":1}},"line":38},"1":{"name":"(anonymous_1)","decl":{"start":{"line":39,"column":22},"end":{"line":39,"column":23}},"loc":{"start":{"line":39,"column":34},"end":{"line":63,"column":3}},"line":39},"2":{"name":"(anonymous_2)","decl":{"start":{"line":42,"column":32},"end":{"line":42,"column":33}},"loc":{"start":{"line":42,"column":50},"end":{"line":51,"column":5}},"line":42},"3":{"name":"(anonymous_3)","decl":{"start":{"line":53,"column":27},"end":{"line":53,"column":28}},"loc":{"start":{"line":53,"column":43},"end":{"line":58,"column":5}},"line":53},"4":{"name":"(anonymous_4)","decl":{"start":{"line":60,"column":28},"end":{"line":60,"column":29}},"loc":{"start":{"line":60,"column":34},"end":{"line":62,"column":5}},"line":60},"5":{"name":"(anonymous_5)","decl":{"start":{"line":66,"column":26},"end":{"line":66,"column":27}},"loc":{"start":{"line":66,"column":55},"end":{"line":69,"column":1}},"line":66}},"branchMap":{"0":{"loc":{"start":{"line":42,"column":33},"end":{"line":42,"column":45}},"type":"default-arg","locations":[{"start":{"line":42,"column":43},"end":{"line":42,"column":45}}],"line":42},"1":{"loc":{"start":{"line":43,"column":21},"end":{"line":43,"column":45}},"type":"binary-expr","locations":[{"start":{"line":43,"column":21},"end":{"line":43,"column":35}},{"start":{"line":43,"column":39},"end":{"line":43,"column":45}}],"line":43},"2":{"loc":{"start":{"line":44,"column":23},"end":{"line":44,"column":62}},"type":"binary-expr","locations":[{"start":{"line":44,"column":23},"end":{"line":44,"column":42}},{"start":{"line":44,"column":46},"end":{"line":44,"column":62}}],"line":44},"3":{"loc":{"start":{"line":54,"column":6},"end":{"line":57,"column":7}},"type":"if","locations":[{"start":{"line":54,"column":6},"end":{"line":57,"column":7}},{"start":{},"end":{}}],"line":54},"4":{"loc":{"start":{"line":67,"column":2},"end":{"line":67,"column":29}},"type":"if","locations":[{"start":{"line":67,"column":2},"end":{"line":67,"column":29}},{"start":{},"end":{}}],"line":67},"5":{"loc":{"start":{"line":67,"column":6},"end":{"line":67,"column":20}},"type":"binary-expr","locations":[{"start":{"line":67,"column":6},"end":{"line":67,"column":9}},{"start":{"line":67,"column":13},"end":{"line":67,"column":20}}],"line":67}},"s":{"0":1,"1":1,"2":1,"3":0,"4":0,"5":0,"6":0,"7":0,"8":0,"9":0,"10":0,"11":0,"12":0,"13":0,"14":1,"15":0,"16":0,"17":0},"f":{"0":1,"1":0,"2":0,"3":0,"4":0,"5":0},"b":{"0":[0],"1":[0,0],"2":[0,0],"3":[0,0],"4":[0,0],"5":[0,0]},"inputSourceMap":null,"_coverageSchema":"1a1c01bbd47fc00a2c39e90264f33305004495a9","hash":"653052d6c51c9325c76097ca1063ac970d740e88"}
,"C:\\Users\\HP\\Desktop\\Resume Projects\\BitBuds-main\\BitBuds\\backend\\src\\utils\\ApiError.js": {"path":"C:\\Users\\HP\\Desktop\\Resume Projects\\BitBuds-main\\BitBuds\\backend\\src\\utils\\ApiError.js","statementMap":{"0":{"start":{"line":3,"column":4},"end":{"line":3,"column":19}},"1":{"start":{"line":4,"column":4},"end":{"line":4,"column":33}},"2":{"start":{"line":5,"column":4},"end":{"line":5,"column":25}},"3":{"start":{"line":6,"column":4},"end":{"line":6,"column":30}},"4":{"start":{"line":7,"column":4},"end":{"line":7,"column":52}},"5":{"start":{"line":11,"column":27},"end":{"line":13,"column":1}},"6":{"start":{"line":12,"column":2},"end":{"line":12,"column":64}},"7":{"start":{"line":15,"column":28},"end":{"line":17,"column":1}},"8":{"start":{"line":15,"column":36},"end":{"line":17,"column":1}},"9":{"start":{"line":16,"column":2},"end":{"line":16,"column":50}}},"fnMap":{"0":{"name":"(anonymous_0)","decl":{"start":{"line":2,"column":2},"end":{"line":2,"column":3}},"loc":{"start":{"line":2,"column":50},"end":{"line":8,"column":3}},"line":2},"1":{"name":"(anonymous_1)","decl":{"start":{"line":11,"column":27},"end":{"line":11,"column":28}},"loc":{"start":{"line":11,"column":75},"end":{"line":13,"column":1}},"line":11},"2":{"name":"(anonymous_2)","decl":{"start":{"line":15,"column":28},"end":{"line":15,"column":29}},"loc":{"start":{"line":15,"column":36},"end":{"line":17,"column":1}},"line":15},"3":{"name":"(anonymous_3)","decl":{"start":{"line":15,"column":36},"end":{"line":15,"column":37}},"loc":{"start":{"line":15,"column":56},"end":{"line":17,"column":1}},"line":15}},"branchMap":{"0":{"loc":{"start":{"line":2,"column":35},"end":{"line":2,"column":48}},"type":"default-arg","locations":[{"start":{"line":2,"column":44},"end":{"line":2,"column":48}}],"line":2},"1":{"loc":{"start":{"line":11,"column":51},"end":{"line":11,"column":70}},"type":"default-arg","locations":[{"start":{"line":11,"column":61},"end":{"line":11,"column":70}}],"line":11}},"s":{"0":0,"1":0,"2":0,"3":0,"4":0,"5":1,"6":0,"7":1,"8":30,"9":0},"f":{"0":0,"1":0,"2":30,"3":0},"b":{"0":[0],"1":[0]},"inputSourceMap":null,"_coverageSchema":"1a1c01bbd47fc00a2c39e90264f33305004495a9","hash":"bb5272a5ced477b00a4ba7a6d712f827341419d1"}
,"C:\\Users\\HP\\Desktop\\Resume Projects\\BitBuds-main\\BitBuds\\backend\\src\\utils\\logger.js": {"path":"C:\\Users\\HP\\Desktop\\Resume Projects\\BitBuds-main\\BitBuds\\backend\\src\\utils\\logger.js","statementMap":{"0":{"start":{"line":3,"column":63},"end":{"line":3,"column":77}},"1":{"start":{"line":5,"column":18},"end":{"line":8,"column":2}},"2":{"start":{"line":6,"column":18},"end":{"line":6,"column":76}},"3":{"start":{"line":7,"column":2},"end":{"line":7,"column":50}},"4":{"start":{"line":10,"column":15},"end":{"line":21,"column":2}}},"fnMap":{"0":{"name":"(anonymous_0)","decl":{"start":{"line":5,"column":25},"end":{"line":5,"column":26}},"loc":{"start":{"line":5,"column":73},"end":{"line":8,"column":1}},"line":5}},"branchMap":{"0":{"loc":{"start":{"line":6,"column":18},"end":{"line":6,"column":76}},"type":"cond-expr","locations":[{"start":{"line":6,"column":45},"end":{"line":6,"column":71}},{"start":{"line":6,"column":74},"end":{"line":6,"column":76}}],"line":6},"1":{"loc":{"start":{"line":11,"column":9},"end":{"line":11,"column":40}},"type":"binary-expr","locations":[{"start":{"line":11,"column":9},"end":{"line":11,"column":30}},{"start":{"line":11,"column":34},"end":{"line":11,"column":40}}],"line":11},"2":{"loc":{"start":{"line":16,"column":8},"end":{"line":18,"column":88}},"type":"cond-expr","locations":[{"start":{"line":17,"column":12},"end":{"line":17,"column":65}},{"start":{"line":18,"column":12},"end":{"line":18,"column":88}}],"line":16}},"s":{"0":1,"1":1,"2":0,"3":0,"4":1},"f":{"0":0},"b":{"0":[0,0],"1":[1,1],"2":[0,1]},"inputSourceMap":null,"_coverageSchema":"1a1c01bbd47fc00a2c39e90264f33305004495a9","hash":"18eac74321210060b926c2c83626741f3423d959"}
,"C:\\Users\\HP\\Desktop\\Resume Projects\\BitBuds-main\\BitBuds\\backend\\src\\utils\\sandbox.js": {"path":"C:\\Users\\HP\\Desktop\\Resume Projects\\BitBuds-main\\BitBuds\\backend\\src\\utils\\sandbox.js","statementMap":{"0":{"start":{"line":10,"column":2},"end":{"line":12,"column":3}},"1":{"start":{"line":11,"column":4},"end":{"line":11,"column":57}},"2":{"start":{"line":14,"column":2},"end":{"line":16,"column":3}},"3":{"start":{"line":15,"column":4},"end":{"line":15,"column":79}},"4":{"start":{"line":18,"column":18},"end":{"line":18,"column":37}},"5":{"start":{"line":19,"column":2},"end":{"line":19,"column":38}},"6":{"start":{"line":21,"column":2},"end":{"line":28,"column":3}},"7":{"start":{"line":22,"column":4},"end":{"line":25,"column":7}},"8":{"start":{"line":27,"column":4},"end":{"line":27,"column":77}},"9":{"start":{"line":30,"column":18},"end":{"line":30,"column":20}},"10":{"start":{"line":32,"column":2},"end":{"line":55,"column":3}},"11":{"start":{"line":32,"column":15},"end":{"line":32,"column":16}},"12":{"start":{"line":33,"column":51},"end":{"line":33,"column":63}},"13":{"start":{"line":35,"column":4},"end":{"line":41,"column":5}},"14":{"start":{"line":36,"column":6},"end":{"line":40,"column":8}},"15":{"start":{"line":43,"column":4},"end":{"line":54,"column":5}},"16":{"start":{"line":44,"column":21},"end":{"line":44,"column":52}},"17":{"start":{"line":45,"column":21},"end":{"line":45,"column":48}},"18":{"start":{"line":46,"column":6},"end":{"line":46,"column":66}},"19":{"start":{"line":48,"column":6},"end":{"line":50,"column":7}},"20":{"start":{"line":49,"column":8},"end":{"line":49,"column":70}},"21":{"start":{"line":52,"column":6},"end":{"line":52,"column":75}},"22":{"start":{"line":53,"column":6},"end":{"line":53,"column":68}},"23":{"start":{"line":57,"column":2},"end":{"line":57,"column":36}},"24":{"start":{"line":61,"column":2},"end":{"line":61,"column":35}},"25":{"start":{"line":61,"column":23},"end":{"line":61,"column":35}},"26":{"start":{"line":62,"column":2},"end":{"line":62,"column":42}},"27":{"start":{"line":62,"column":29},"end":{"line":62,"column":42}},"28":{"start":{"line":63,"column":2},"end":{"line":63,"column":47}},"29":{"start":{"line":63,"column":32},"end":{"line":63,"column":47}},"30":{"start":{"line":64,"column":2},"end":{"line":67,"column":3}},"31":{"start":{"line":65,"column":4},"end":{"line":65,"column":44}},"32":{"start":{"line":65,"column":31},"end":{"line":65,"column":44}},"33":{"start":{"line":66,"column":4},"end":{"line":66,"column":57}},"34":{"start":{"line":66,"column":33},"end":{"line":66,"column":55}},"35":{"start":{"line":68,"column":2},"end":{"line":73,"column":3}},"36":{"start":{"line":69,"column":18},"end":{"line":69,"column":32}},"37":{"start":{"line":70,"column":18},"end":{"line":70,"column":32}},"38":{"start":{"line":71,"column":4},"end":{"line":71,"column":52}},"39":{"start":{"line":71,"column":39},"end":{"line":71,"column":52}},"40":{"start":{"line":72,"column":4},"end":{"line":72,"column":59}},"41":{"start":{"line":72,"column":32},"end":{"line":72,"column":57}},"42":{"start":{"line":74,"column":2},"end":{"line":74,"column":15}}},"fnMap":{"0":{"name":"evaluateJS","decl":{"start":{"line":9,"column":16},"end":{"line":9,"column":26}},"loc":{"start":{"line":9,"column":49},"end":{"line":58,"column":1}},"line":9},"1":{"name":"(anonymous_1)","decl":{"start":{"line":19,"column":27},"end":{"line":19,"column":28}},"loc":{"start":{"line":19,"column":33},"end":{"line":19,"column":35}},"line":19},"2":{"name":"deepEqual","decl":{"start":{"line":60,"column":9},"end":{"line":60,"column":18}},"loc":{"start":{"line":60,"column":25},"end":{"line":75,"column":1}},"line":60},"3":{"name":"(anonymous_3)","decl":{"start":{"line":66,"column":19},"end":{"line":66,"column":20}},"loc":{"start":{"line":66,"column":33},"end":{"line":66,"column":55}},"line":66},"4":{"name":"(anonymous_4)","decl":{"start":{"line":72,"column":23},"end":{"line":72,"column":24}},"loc":{"start":{"line":72,"column":32},"end":{"line":72,"column":57}},"line":72}},"branchMap":{"0":{"loc":{"start":{"line":9,"column":33},"end":{"line":9,"column":47}},"type":"default-arg","locations":[{"start":{"line":9,"column":45},"end":{"line":9,"column":47}}],"line":9},"1":{"loc":{"start":{"line":10,"column":2},"end":{"line":12,"column":3}},"type":"if","locations":[{"start":{"line":10,"column":2},"end":{"line":12,"column":3}},{"start":{},"end":{}}],"line":10},"2":{"loc":{"start":{"line":10,"column":6},"end":{"line":10,"column":39}},"type":"binary-expr","locations":[{"start":{"line":10,"column":6},"end":{"line":10,"column":11}},{"start":{"line":10,"column":15},"end":{"line":10,"column":39}}],"line":10},"3":{"loc":{"start":{"line":14,"column":2},"end":{"line":16,"column":3}},"type":"if","locations":[{"start":{"line":14,"column":2},"end":{"line":16,"column":3}},{"start":{},"end":{}}],"line":14},"4":{"loc":{"start":{"line":14,"column":6},"end":{"line":14,"column":57}},"type":"binary-expr","locations":[{"start":{"line":14,"column":6},"end":{"line":14,"column":31}},{"start":{"line":14,"column":35},"end":{"line":14,"column":57}}],"line":14},"5":{"loc":{"start":{"line":27,"column":36},"end":{"line":27,"column":74}},"type":"binary-expr","locations":[{"start":{"line":27,"column":36},"end":{"line":27,"column":47}},{"start":{"line":27,"column":51},"end":{"line":27,"column":74}}],"line":27},"6":{"loc":{"start":{"line":33,"column":12},"end":{"line":33,"column":22}},"type":"default-arg","locations":[{"start":{"line":33,"column":20},"end":{"line":33,"column":22}}],"line":33},"7":{"loc":{"start":{"line":35,"column":4},"end":{"line":41,"column":5}},"type":"if","locations":[{"start":{"line":35,"column":4},"end":{"line":41,"column":5}},{"start":{},"end":{}}],"line":35},"8":{"loc":{"start":{"line":35,"column":8},"end":{"line":35,"column":68}},"type":"binary-expr","locations":[{"start":{"line":35,"column":8},"end":{"line":35,"column":21}},{"start":{"line":35,"column":25},"end":{"line":35,"column":68}}],"line":35},"9":{"loc":{"start":{"line":38,"column":28},"end":{"line":38,"column":53}},"type":"binary-expr","locations":[{"start":{"line":38,"column":28},"end":{"line":38,"column":40}},{"start":{"line":38,"column":44},"end":{"line":38,"column":53}}],"line":38},"10":{"loc":{"start":{"line":48,"column":6},"end":{"line":50,"column":7}},"type":"if","locations":[{"start":{"line":48,"column":6},"end":{"line":50,"column":7}},{"start":{},"end":{}}],"line":48},"11":{"loc":{"start":{"line":61,"column":2},"end":{"line":61,"column":35}},"type":"if","locations":[{"start":{"line":61,"column":2},"end":{"line":61,"column":35}},{"start":{},"end":{}}],"line":61},"12":{"loc":{"start":{"line":62,"column":2},"end":{"line":62,"column":42}},"type":"if","locations":[{"start":{"line":62,"column":2},"end":{"line":62,"column":42}},{"start":{},"end":{}}],"line":62},"13":{"loc":{"start":{"line":63,"column":2},"end":{"line":63,"column":47}},"type":"if","locations":[{"start":{"line":63,"column":2},"end":{"line":63,"column":47}},{"start":{},"end":{}}],"line":63},"14":{"loc":{"start":{"line":63,"column":6},"end":{"line":63,"column":30}},"type":"binary-expr","locations":[{"start":{"line":63,"column":6},"end":{"line":63,"column":16}},{"start":{"line":63,"column":20},"end":{"line":63,"column":30}}],"line":63},"15":{"loc":{"start":{"line":64,"column":2},"end":{"line":67,"column":3}},"type":"if","locations":[{"start":{"line":64,"column":2},"end":{"line":67,"column":3}},{"start":{},"end":{}}],"line":64},"16":{"loc":{"start":{"line":64,"column":6},"end":{"line":64,"column":42}},"type":"binary-expr","locations":[{"start":{"line":64,"column":6},"end":{"line":64,"column":22}},{"start":{"line":64,"column":26},"end":{"line":64,"column":42}}],"line":64},"17":{"loc":{"start":{"line":65,"column":4},"end":{"line":65,"column":44}},"type":"if","locations":[{"start":{"line":65,"column":4},"end":{"line":65,"column":44}},{"start":{},"end":{}}],"line":65},"18":{"loc":{"start":{"line":68,"column":2},"end":{"line":73,"column":3}},"type":"if","locations":[{"start":{"line":68,"column":2},"end":{"line":73,"column":3}},{"start":{},"end":{}}],"line":68},"19":{"loc":{"start":{"line":68,"column":6},"end":{"line":68,"column":52}},"type":"binary-expr","locations":[{"start":{"line":68,"column":6},"end":{"line":68,"column":27}},{"start":{"line":68,"column":31},"end":{"line":68,"column":52}}],"line":68},"20":{"loc":{"start":{"line":71,"column":4},"end":{"line":71,"column":52}},"type":"if","locations":[{"start":{"line":71,"column":4},"end":{"line":71,"column":52}},{"start":{},"end":{}}],"line":71}},"s":{"0":0,"1":0,"2":0,"3":0,"4":0,"5":0,"6":0,"7":0,"8":0,"9":0,"10":0,"11":0,"12":0,"13":0,"14":0,"15":0,"16":0,"17":0,"18":0,"19":0,"20":0,"21":0,"22":0,"23":0,"24":0,"25":0,"26":0,"27":0,"28":0,"29":0,"30":0,"31":0,"32":0,"33":0,"34":0,"35":0,"36":0,"37":0,"38":0,"39":0,"40":0,"41":0,"42":0},"f":{"0":0,"1":0,"2":0,"3":0,"4":0},"b":{"0":[0],"1":[0,0],"2":[0,0],"3":[0,0],"4":[0,0],"5":[0,0],"6":[0],"7":[0,0],"8":[0,0],"9":[0,0],"10":[0,0],"11":[0,0],"12":[0,0],"13":[0,0],"14":[0,0],"15":[0,0],"16":[0,0],"17":[0,0],"18":[0,0],"19":[0,0],"20":[0,0]},"inputSourceMap":null,"_coverageSchema":"1a1c01bbd47fc00a2c39e90264f33305004495a9","hash":"ae65cc607d52b22faf4f40b9e8f7436827a88e7b"}
}
